#
# There is insufficient memory for the Java Runtime Environment to continue.
# Native memory allocation (malloc) failed to allocate 32784 bytes for Chunk::new
# Possible reasons:
#   The system is out of physical RAM or swap space
#   The process is running with CompressedOops enabled, and the Java Heap may be blocking the growth of the native heap
# Possible solutions:
#   Reduce memory load on the system
#   Increase physical memory or swap space
#   Check if swap backing store is full
#   Decrease Java heap size (-Xmx/-Xms)
#   Decrease number of Java threads
#   Decrease Java thread stack sizes (-Xss)
#   Set larger code cache with -XX:ReservedCodeCacheSize=
#   JVM is running with Unscaled Compressed Oops mode in which the Java heap is
#     placed in the first 4GB address space. The Java Heap base address is the
#     maximum limit for the native heap growth. Please use -XX:HeapBaseMinAddress
#     to set the Java Heap base and to place the Java Heap above 4GB virtual address.
# This output file may be truncated or incomplete.
#
#  Out of Memory Error (allocation.cpp:389), pid=18336, tid=0x0000000000001f48
#
# JRE version: OpenJDK Runtime Environment (8.0_202-b03) (build 1.8.0_202-release-1483-b03)
# Java VM: OpenJDK 64-Bit Server VM (25.202-b03 mixed mode windows-amd64 compressed oops)
# Failed to write core dump. Minidumps are not enabled by default on client versions of Windows
#

---------------  T H R E A D  ---------------

Current thread (0x00000000190cd000):  JavaThread "C2 CompilerThread1" daemon [_thread_in_native, id=8008, stack(0x000000001b790000,0x000000001b890000)]

Stack: [0x000000001b790000,0x000000001b890000]
[error occurred during error reporting (printing stack bounds), id 0xc0000005]

Native frames: (J=compiled Java code, j=interpreted, Vv=VM code, C=native code)


Current CompileTask:
C2:   7896 5795 %     4       org.gradle.internal.instantiation.AbstractClassGenerator::inspectType @ 107 (559 bytes)


---------------  P R O C E S S  ---------------

Java Threads: ( => current thread )
  0x000000002051d800 JavaThread "Cache worker for file content cache (D:\Chrome\findex2\.gradle\5.4.1\fileContent)" [_thread_blocked, id=15372, stack(0x0000000026a70000,0x0000000026b70000)]
  0x000000002051a000 JavaThread "Cache worker for file content cache (C:\Users\Administrator\.gradle\caches\5.4.1\fileContent)" [_thread_blocked, id=17988, stack(0x0000000026970000,0x0000000026a70000)]
  0x000000002051b800 JavaThread "Memory manager" [_thread_blocked, id=11060, stack(0x0000000026870000,0x0000000026970000)]
  0x000000002051e800 JavaThread "Cache worker for Build Output Cleanup Cache (D:\Chrome\findex2\.gradle\buildOutputCleanup)" [_thread_blocked, id=6916, stack(0x0000000025d70000,0x0000000025e70000)]
  0x0000000020511800 JavaThread "pool-1-thread-1" [_thread_blocked, id=684, stack(0x0000000025a70000,0x0000000025b70000)]
  0x0000000020517800 JavaThread "Build operations Thread 8" [_thread_blocked, id=12556, stack(0x0000000025570000,0x0000000025670000)]
  0x0000000020513800 JavaThread "Build operations Thread 7" [_thread_blocked, id=820, stack(0x0000000025470000,0x0000000025570000)]
  0x0000000020512000 JavaThread "Build operations Thread 6" [_thread_blocked, id=19364, stack(0x0000000025370000,0x0000000025470000)]
  0x0000000020510000 JavaThread "Build operations Thread 5" [_thread_blocked, id=4284, stack(0x0000000025270000,0x0000000025370000)]
  0x0000000020517000 JavaThread "Build operations Thread 4" [_thread_blocked, id=19868, stack(0x0000000025170000,0x0000000025270000)]
  0x0000000020515800 JavaThread "Build operations Thread 3" [_thread_blocked, id=8660, stack(0x0000000025070000,0x0000000025170000)]
  0x0000000020514800 JavaThread "Build operations Thread 2" [_thread_blocked, id=14720, stack(0x0000000024f70000,0x0000000025070000)]
  0x0000000020513000 JavaThread "Build operations" [_thread_blocked, id=15140, stack(0x0000000024e70000,0x0000000024f70000)]
  0x0000000020510800 JavaThread "Cache worker for execution history cache (C:\Users\Administrator\.gradle\caches\5.4.1\executionHistory)" [_thread_blocked, id=3032, stack(0x00000000247a0000,0x00000000248a0000)]
  0x0000000020516000 JavaThread "Cache worker for cache directory md-rule (C:\Users\Administrator\.gradle\caches\5.4.1\md-rule)" [_thread_blocked, id=8296, stack(0x00000000246a0000,0x00000000247a0000)]
  0x000000001cd2e800 JavaThread "Cache worker for cache directory md-supplier (C:\Users\Administrator\.gradle\caches\5.4.1\md-supplier)" [_thread_blocked, id=7688, stack(0x00000000245a0000,0x00000000246a0000)]
  0x000000001cd2f000 JavaThread "Cache worker for file hash cache (D:\Chrome\findex2\.gradle\5.4.1\fileHashes)" [_thread_blocked, id=796, stack(0x00000000208c0000,0x00000000209c0000)]
  0x000000001cd2a000 JavaThread "Cache worker for journal cache (C:\Users\Administrator\.gradle\caches\journal-1)" [_thread_blocked, id=18148, stack(0x000000001f7f0000,0x000000001f8f0000)]
  0x000000001cd29000 JavaThread "File lock request listener" [_thread_in_native, id=3264, stack(0x000000001f6f0000,0x000000001f7f0000)]
  0x000000001cd30000 JavaThread "Cache worker for file hash cache (C:\Users\Administrator\.gradle\caches\5.4.1\fileHashes)" [_thread_blocked, id=20224, stack(0x000000001f3f0000,0x000000001f4f0000)]
  0x000000001d1af800 JavaThread "Thread-9" [_thread_blocked, id=1180, stack(0x000000001f2f0000,0x000000001f3f0000)]
  0x000000001d1c0000 JavaThread "Stdin handler" [_thread_blocked, id=18684, stack(0x000000001f1f0000,0x000000001f2f0000)]
  0x000000001c9a8000 JavaThread "Asynchronous log dispatcher for DefaultDaemonConnection: socket connection from /127.0.0.1:58608 to /127.0.0.1:58609" [_thread_blocked, id=14488, stack(0x000000001eff0000,0x000000001f0f0000)]
  0x000000001cf71800 JavaThread "Daemon worker" [_thread_in_vm, id=16688, stack(0x000000001eef0000,0x000000001eff0000)]
  0x000000001d1cc800 JavaThread "Cancel handler" [_thread_blocked, id=764, stack(0x000000001edf0000,0x000000001eef0000)]
  0x000000001d412800 JavaThread "Handler for socket connection from /127.0.0.1:58608 to /127.0.0.1:58609" [_thread_in_native, id=11716, stack(0x000000001eaf0000,0x000000001ebf0000)]
  0x000000001d40f800 JavaThread "Daemon" [_thread_blocked, id=8292, stack(0x000000001e9f0000,0x000000001eaf0000)]
  0x000000001ca87000 JavaThread "Daemon periodic checks" [_thread_blocked, id=19064, stack(0x000000001e8f0000,0x000000001e9f0000)]
  0x000000001cb09000 JavaThread "Incoming local TCP Connector on port 58608" [_thread_in_native, id=6884, stack(0x000000001e750000,0x000000001e850000)]
  0x000000001ce55800 JavaThread "Daemon health stats" [_thread_blocked, id=17496, stack(0x000000001d460000,0x000000001d560000)]
  0x000000001af74800 JavaThread "Service Thread" daemon [_thread_blocked, id=12688, stack(0x000000001ba90000,0x000000001bb90000)]
  0x000000001af29000 JavaThread "C1 CompilerThread3" daemon [_thread_blocked, id=7580, stack(0x000000001b990000,0x000000001ba90000)]
  0x000000001af23000 JavaThread "C2 CompilerThread2" daemon [_thread_blocked, id=16960, stack(0x000000001b890000,0x000000001b990000)]
=>0x00000000190cd000 JavaThread "C2 CompilerThread1" daemon [_thread_in_native, id=8008, stack(0x000000001b790000,0x000000001b890000)]
  0x00000000190ca000 JavaThread "C2 CompilerThread0" daemon [_thread_blocked, id=18092, stack(0x000000001b690000,0x000000001b790000)]
  0x000000001aecc000 JavaThread "Attach Listener" daemon [_thread_blocked, id=14948, stack(0x000000001b590000,0x000000001b690000)]
  0x000000001af20000 JavaThread "Signal Dispatcher" daemon [_thread_blocked, id=14440, stack(0x000000001b490000,0x000000001b590000)]
  0x00000000052fd800 JavaThread "Finalizer" daemon [_thread_blocked, id=18108, stack(0x000000001b390000,0x000000001b490000)]
  0x00000000052f4000 JavaThread "Reference Handler" daemon [_thread_blocked, id=14320, stack(0x000000001b290000,0x000000001b390000)]
  0x00000000051fd800 JavaThread "main" [_thread_blocked, id=6348, stack(0x0000000005060000,0x0000000005160000)]

Other Threads:
  0x00000000190b9000 VMThread [stack: 0x000000001ad90000,0x000000001ae90000] [id=20748]
  0x000000001af75800 WatcherThread [stack: 0x000000001bb90000,0x000000001bc90000] [id=9692]

VM state:not at safepoint (normal execution)

VM Mutex/Monitor currently owned by a thread: None

heap address: 0x00000000a0000000, size: 1536 MB, Compressed Oops mode: 32-bit
Narrow klass base: 0x0000000000000000, Narrow klass shift: 3
Compressed class space size: 1073741824 Address: 0x0000000100000000

Heap:
 PSYoungGen      total 163328K, used 16691K [0x00000000e0000000, 0x00000000edb00000, 0x0000000100000000)
  eden space 145408K, 11% used [0x00000000e0000000,0x00000000e104cf70,0x00000000e8e00000)
  from space 17920K, 0% used [0x00000000e8e00000,0x00000000e8e00000,0x00000000e9f80000)
  to   space 19456K, 0% used [0x00000000ec800000,0x00000000ec800000,0x00000000edb00000)
 ParOldGen       total 177152K, used 30892K [0x00000000a0000000, 0x00000000aad00000, 0x00000000e0000000)
  object space 177152K, 17% used [0x00000000a0000000,0x00000000a1e2b3f8,0x00000000aad00000)
 Metaspace       used 58143K, capacity 59886K, committed 60056K, reserved 1101824K
  class space    used 7896K, capacity 8334K, committed 8360K, reserved 1048576K

Card table byte_map: [0x00000000146c0000,0x00000000149d0000] byte_map_base: 0x00000000141c0000

Marking Bits: (ParMarkBitMap*) 0x0000000058699f30
 Begin Bits: [0x00000000153d0000, 0x0000000016bd0000)
 End Bits:   [0x0000000016bd0000, 0x00000000183d0000)

Polling page: 0x0000000000bd0000

CodeCache: size=245760Kb used=18130Kb max_used=18141Kb free=227629Kb
 bounds [0x0000000005300000, 0x00000000064d0000, 0x0000000014300000]
 total_blobs=6256 nmethods=5468 adapters=700
 compilation: enabled

Compilation events (10 events):
Event: 7.725 Thread 0x000000001af29000 5890       3       org.gradle.api.internal.file.CompositeFileCollection::visitDependencies (15 bytes)
Event: 7.725 Thread 0x000000001af29000 nmethod 5890 0x00000000064bc650 code [0x00000000064bc7c0, 0x00000000064bcb08]
Event: 7.725 Thread 0x000000001af29000 5891       3       org.gradle.api.internal.file.collections.BuildDependenciesOnlyFileCollectionResolveContext::<init> (10 bytes)
Event: 7.725 Thread 0x000000001af29000 nmethod 5891 0x00000000064b89d0 code [0x00000000064b8b20, 0x00000000064b8cf0]
Event: 7.726 Thread 0x000000001af29000 5892       3       com.google.common.collect.ImmutableList::subList (7 bytes)
Event: 7.726 Thread 0x000000001af29000 nmethod 5892 0x00000000064bc250 code [0x00000000064bc3c0, 0x00000000064bc5c8]
Event: 7.726 Thread 0x000000001af29000 5893       3       org.gradle.api.internal.tasks.properties.annotations.InputPropertyAnnotationHandler::shouldVisit (15 bytes)
Event: 7.726 Thread 0x000000001af29000 nmethod 5893 0x00000000064bbd90 code [0x00000000064bbf00, 0x00000000064bc168]
Event: 7.729 Thread 0x00000000190ca000 5894       4       java.util.ArrayDeque::removeFirst (19 bytes)
Event: 7.730 Thread 0x00000000190ca000 nmethod 5894 0x00000000064bbad0 code [0x00000000064bbc00, 0x00000000064bbcb8]

GC Heap History (10 events):
Event: 4.511 GC heap before
{Heap before GC invocations=8 (full 2):
 PSYoungGen      total 118784K, used 9862K [0x00000000e0000000, 0x00000000e8100000, 0x0000000100000000)
  eden space 105472K, 0% used [0x00000000e0000000,0x00000000e0000000,0x00000000e6700000)
  from space 13312K, 74% used [0x00000000e7380000,0x00000000e7d21978,0x00000000e8080000)
  to   space 12800K, 0% used [0x00000000e6700000,0x00000000e6700000,0x00000000e7380000)
 ParOldGen       total 114176K, used 11790K [0x00000000a0000000, 0x00000000a6f80000, 0x00000000e0000000)
  object space 114176K, 10% used [0x00000000a0000000,0x00000000a0b83978,0x00000000a6f80000)
 Metaspace       used 34661K, capacity 35462K, committed 35496K, reserved 1079296K
  class space    used 4782K, capacity 4998K, committed 5032K, reserved 1048576K
Event: 4.571 GC heap after
Heap after GC invocations=8 (full 2):
 PSYoungGen      total 118784K, used 0K [0x00000000e0000000, 0x00000000e8100000, 0x0000000100000000)
  eden space 105472K, 0% used [0x00000000e0000000,0x00000000e0000000,0x00000000e6700000)
  from space 13312K, 0% used [0x00000000e7380000,0x00000000e7380000,0x00000000e8080000)
  to   space 12800K, 0% used [0x00000000e6700000,0x00000000e6700000,0x00000000e7380000)
 ParOldGen       total 177152K, used 16992K [0x00000000a0000000, 0x00000000aad00000, 0x00000000e0000000)
  object space 177152K, 9% used [0x00000000a0000000,0x00000000a1098180,0x00000000aad00000)
 Metaspace       used 34632K, capacity 35366K, committed 35496K, reserved 1079296K
  class space    used 4773K, capacity 4982K, committed 5032K, reserved 1048576K
}
Event: 5.532 GC heap before
{Heap before GC invocations=9 (full 2):
 PSYoungGen      total 118784K, used 105472K [0x00000000e0000000, 0x00000000e8100000, 0x0000000100000000)
  eden space 105472K, 100% used [0x00000000e0000000,0x00000000e6700000,0x00000000e6700000)
  from space 13312K, 0% used [0x00000000e7380000,0x00000000e7380000,0x00000000e8080000)
  to   space 12800K, 0% used [0x00000000e6700000,0x00000000e6700000,0x00000000e7380000)
 ParOldGen       total 177152K, used 16992K [0x00000000a0000000, 0x00000000aad00000, 0x00000000e0000000)
  object space 177152K, 9% used [0x00000000a0000000,0x00000000a1098180,0x00000000aad00000)
 Metaspace       used 45469K, capacity 46462K, committed 46632K, reserved 1089536K
  class space    used 6120K, capacity 6414K, committed 6440K, reserved 1048576K
Event: 5.542 GC heap after
Heap after GC invocations=9 (full 2):
 PSYoungGen      total 118272K, used 12775K [0x00000000e0000000, 0x00000000eae00000, 0x0000000100000000)
  eden space 105472K, 0% used [0x00000000e0000000,0x00000000e0000000,0x00000000e6700000)
  from space 12800K, 99% used [0x00000000e6700000,0x00000000e7379d00,0x00000000e7380000)
  to   space 14848K, 0% used [0x00000000e9f80000,0x00000000e9f80000,0x00000000eae00000)
 ParOldGen       total 177152K, used 18474K [0x00000000a0000000, 0x00000000aad00000, 0x00000000e0000000)
  object space 177152K, 10% used [0x00000000a0000000,0x00000000a120aad0,0x00000000aad00000)
 Metaspace       used 45469K, capacity 46462K, committed 46632K, reserved 1089536K
  class space    used 6120K, capacity 6414K, committed 6440K, reserved 1048576K
}
Event: 6.792 GC heap before
{Heap before GC invocations=10 (full 2):
 PSYoungGen      total 118272K, used 118247K [0x00000000e0000000, 0x00000000eae00000, 0x0000000100000000)
  eden space 105472K, 100% used [0x00000000e0000000,0x00000000e6700000,0x00000000e6700000)
  from space 12800K, 99% used [0x00000000e6700000,0x00000000e7379d00,0x00000000e7380000)
  to   space 14848K, 0% used [0x00000000e9f80000,0x00000000e9f80000,0x00000000eae00000)
 ParOldGen       total 177152K, used 18474K [0x00000000a0000000, 0x00000000aad00000, 0x00000000e0000000)
  object space 177152K, 10% used [0x00000000a0000000,0x00000000a120aad0,0x00000000aad00000)
 Metaspace       used 54109K, capacity 55624K, committed 55976K, reserved 1097728K
  class space    used 7305K, capacity 7747K, committed 7848K, reserved 1048576K
Event: 6.809 GC heap after
Heap after GC invocations=10 (full 2):
 PSYoungGen      total 160256K, used 14818K [0x00000000e0000000, 0x00000000eb380000, 0x0000000100000000)
  eden space 145408K, 0% used [0x00000000e0000000,0x00000000e0000000,0x00000000e8e00000)
  from space 14848K, 99% used [0x00000000e9f80000,0x00000000eadf8978,0x00000000eae00000)
  to   space 17920K, 0% used [0x00000000e8e00000,0x00000000e8e00000,0x00000000e9f80000)
 ParOldGen       total 177152K, used 22199K [0x00000000a0000000, 0x00000000aad00000, 0x00000000e0000000)
  object space 177152K, 12% used [0x00000000a0000000,0x00000000a15add18,0x00000000aad00000)
 Metaspace       used 54109K, capacity 55624K, committed 55976K, reserved 1097728K
  class space    used 7305K, capacity 7747K, committed 7848K, reserved 1048576K
}
Event: 7.385 GC heap before
{Heap before GC invocations=11 (full 2):
 PSYoungGen      total 160256K, used 63833K [0x00000000e0000000, 0x00000000eb380000, 0x0000000100000000)
  eden space 145408K, 33% used [0x00000000e0000000,0x00000000e2fddb38,0x00000000e8e00000)
  from space 14848K, 99% used [0x00000000e9f80000,0x00000000eadf8978,0x00000000eae00000)
  to   space 17920K, 0% used [0x00000000e8e00000,0x00000000e8e00000,0x00000000e9f80000)
 ParOldGen       total 177152K, used 22199K [0x00000000a0000000, 0x00000000aad00000, 0x00000000e0000000)
  object space 177152K, 12% used [0x00000000a0000000,0x00000000a15add18,0x00000000aad00000)
 Metaspace       used 57362K, capacity 59102K, committed 59160K, reserved 1099776K
  class space    used 7776K, capacity 8220K, committed 8232K, reserved 1048576K
Event: 7.401 GC heap after
Heap after GC invocations=11 (full 2):
 PSYoungGen      total 163328K, used 16319K [0x00000000e0000000, 0x00000000edb00000, 0x0000000100000000)
  eden space 145408K, 0% used [0x00000000e0000000,0x00000000e0000000,0x00000000e8e00000)
  from space 17920K, 91% used [0x00000000e8e00000,0x00000000e9defe70,0x00000000e9f80000)
  to   space 19456K, 0% used [0x00000000ec800000,0x00000000ec800000,0x00000000edb00000)
 ParOldGen       total 177152K, used 22207K [0x00000000a0000000, 0x00000000aad00000, 0x00000000e0000000)
  object space 177152K, 12% used [0x00000000a0000000,0x00000000a15afd18,0x00000000aad00000)
 Metaspace       used 57362K, capacity 59102K, committed 59160K, reserved 1099776K
  class space    used 7776K, capacity 8220K, committed 8232K, reserved 1048576K
}
Event: 7.401 GC heap before
{Heap before GC invocations=12 (full 3):
 PSYoungGen      total 163328K, used 16319K [0x00000000e0000000, 0x00000000edb00000, 0x0000000100000000)
  eden space 145408K, 0% used [0x00000000e0000000,0x00000000e0000000,0x00000000e8e00000)
  from space 17920K, 91% used [0x00000000e8e00000,0x00000000e9defe70,0x00000000e9f80000)
  to   space 19456K, 0% used [0x00000000ec800000,0x00000000ec800000,0x00000000edb00000)
 ParOldGen       total 177152K, used 22207K [0x00000000a0000000, 0x00000000aad00000, 0x00000000e0000000)
  object space 177152K, 12% used [0x00000000a0000000,0x00000000a15afd18,0x00000000aad00000)
 Metaspace       used 57362K, capacity 59102K, committed 59160K, reserved 1099776K
  class space    used 7776K, capacity 8220K, committed 8232K, reserved 1048576K
Event: 7.591 GC heap after
Heap after GC invocations=12 (full 3):
 PSYoungGen      total 163328K, used 0K [0x00000000e0000000, 0x00000000edb00000, 0x0000000100000000)
  eden space 145408K, 0% used [0x00000000e0000000,0x00000000e0000000,0x00000000e8e00000)
  from space 17920K, 0% used [0x00000000e8e00000,0x00000000e8e00000,0x00000000e9f80000)
  to   space 19456K, 0% used [0x00000000ec800000,0x00000000ec800000,0x00000000edb00000)
 ParOldGen       total 177152K, used 30892K [0x00000000a0000000, 0x00000000aad00000, 0x00000000e0000000)
  object space 177152K, 17% used [0x00000000a0000000,0x00000000a1e2b3f8,0x00000000aad00000)
 Metaspace       used 57362K, capacity 59102K, committed 59160K, reserved 1099776K
  class space    used 7776K, capacity 8220K, committed 8232K, reserved 1048576K
}

Deoptimization events (10 events):
Event: 7.024 Thread 0x000000001cf71800 Uncommon trap: reason=unstable_if action=reinterpret pc=0x00000000058f5b30 method=java.io.DataInputStream.readUTF(Ljava/io/DataInput;)Ljava/lang/String; @ 31
Event: 7.048 Thread 0x000000001cf71800 Uncommon trap: reason=unstable_if action=reinterpret pc=0x00000000058d3b68 method=java.util.regex.Pattern$BmpCharProperty.match(Ljava/util/regex/Matcher;ILjava/lang/CharSequence;)Z @ 34
Event: 7.054 Thread 0x000000001cf71800 Uncommon trap: reason=unstable_if action=reinterpret pc=0x00000000061f1cf0 method=com.sun.org.apache.xerces.internal.impl.XMLEntityScanner.scanLiteral(ILcom/sun/org/apache/xerces/internal/xni/XMLString;Z)I @ 660
Event: 7.061 Thread 0x000000001cf71800 Uncommon trap: reason=unstable_if action=reinterpret pc=0x00000000061feec8 method=com.sun.org.apache.xerces.internal.util.SymbolTable.addSymbol([CII)Ljava/lang/String; @ 38
Event: 7.158 Thread 0x000000001cf71800 Uncommon trap: reason=unstable_if action=reinterpret pc=0x00000000062cee68 method=java.util.regex.Pattern$GroupTail.match(Ljava/util/regex/Matcher;ILjava/lang/CharSequence;)Z @ 73
Event: 7.231 Thread 0x000000001cf71800 Uncommon trap: reason=unstable_if action=reinterpret pc=0x000000000633fe1c method=com.esotericsoftware.kryo.io.Input.readString()Ljava/lang/String; @ 38
Event: 7.635 Thread 0x000000001cf71800 Uncommon trap: reason=class_check action=maybe_recompile pc=0x0000000005dd58d0 method=org.gradle.api.internal.artifacts.transform.DefaultTransformationDependency.hashCode()I @ 4
Event: 7.635 Thread 0x000000001cf71800 Uncommon trap: reason=class_check action=maybe_recompile pc=0x0000000005dd58d0 method=org.gradle.api.internal.artifacts.transform.DefaultTransformationDependency.hashCode()I @ 4
Event: 7.635 Thread 0x000000001cf71800 Uncommon trap: reason=class_check action=maybe_recompile pc=0x0000000005dd58d0 method=org.gradle.api.internal.artifacts.transform.DefaultTransformationDependency.hashCode()I @ 4
Event: 7.635 Thread 0x000000001cf71800 Uncommon trap: reason=class_check action=maybe_recompile pc=0x0000000005dd58d0 method=org.gradle.api.internal.artifacts.transform.DefaultTransformationDependency.hashCode()I @ 4

Classes redefined (0 events):
No events

Internal exceptions (10 events):
Event: 6.412 Thread 0x000000001cf71800 Exception <a 'java/lang/ClassNotFoundException': com/android/build/gradle/internal/api/BaseVariantOutputImplCustomizer> (0x00000000e4f628a0) thrown at [D:\src\AOSP-openjdk-cygwin\jdk8u\hotspot\src\share\vm\classfile\systemDictionary.cpp, line 210]
Event: 6.413 Thread 0x000000001cf71800 Exception <a 'java/lang/ClassNotFoundException': com/android/build/gradle/internal/api/ApkVariantOutputImplCustomizer> (0x00000000e4f982f0) thrown at [D:\src\AOSP-openjdk-cygwin\jdk8u\hotspot\src\share\vm\classfile\systemDictionary.cpp, line 210]
Event: 6.414 Thread 0x000000001cf71800 Exception <a 'java/lang/ClassNotFoundException': com/android/build/gradle/internal/api/ApkVariantOutputImpl_DecoratedCustomizer> (0x00000000e4fc9158) thrown at [D:\src\AOSP-openjdk-cygwin\jdk8u\hotspot\src\share\vm\classfile\systemDictionary.cpp, line 210
Event: 6.616 Thread 0x000000001cf71800 Exception <a 'java/lang/NoSuchMethodError': java.lang.Object.lambda$static$0(Ljava/util/Set;Ljava/util/Set;)Z> (0x00000000e5d62840) thrown at [D:\src\AOSP-openjdk-cygwin\jdk8u\hotspot\src\share\vm\interpreter\linkResolver.cpp, line 620]
Event: 6.616 Thread 0x000000001cf71800 Exception <a 'java/lang/NoSuchMethodError': java.lang.Object.lambda$static$1(Ljava/util/Set;Ljava/util/Set;)Z> (0x00000000e5d657b0) thrown at [D:\src\AOSP-openjdk-cygwin\jdk8u\hotspot\src\share\vm\interpreter\linkResolver.cpp, line 620]
Event: 6.616 Thread 0x000000001cf71800 Exception <a 'java/lang/NoSuchMethodError': java.lang.Object.lambda$static$2(Ljava/util/Set;Ljava/util/Set;)Z> (0x00000000e5d682f0) thrown at [D:\src\AOSP-openjdk-cygwin\jdk8u\hotspot\src\share\vm\interpreter\linkResolver.cpp, line 620]
Event: 6.617 Thread 0x000000001cf71800 Exception <a 'java/lang/NoSuchMethodError': java.lang.Object.lambda$static$3(Ljava/util/Set;Ljava/util/Set;)Z> (0x00000000e5d6ae30) thrown at [D:\src\AOSP-openjdk-cygwin\jdk8u\hotspot\src\share\vm\interpreter\linkResolver.cpp, line 620]
Event: 6.617 Thread 0x000000001cf71800 Exception <a 'java/lang/NoSuchMethodError': java.lang.Object.lambda$static$4(Ljava/util/Set;Ljava/util/Set;)Z> (0x00000000e5d6d970) thrown at [D:\src\AOSP-openjdk-cygwin\jdk8u\hotspot\src\share\vm\interpreter\linkResolver.cpp, line 620]
Event: 6.770 Thread 0x000000001cf71800 Exception <a 'java/lang/ClassNotFoundException': com/sun/org/glassfish/hk2/osgiresourcelocator/ServiceLoader> (0x00000000e6541d20) thrown at [D:\src\AOSP-openjdk-cygwin\jdk8u\hotspot\src\share\vm\classfile\systemDictionary.cpp, line 210]
Event: 6.832 Thread 0x000000001cf71800 Exception <a 'java/lang/NullPointerException'> (0x00000000e03336d8) thrown at [D:\src\AOSP-openjdk-cygwin\jdk8u\hotspot\src\share\vm\interpreter\linkResolver.cpp, line 1287]

Events (10 events):
Event: 7.730 loading class org/gradle/execution/plan/DefaultExecutionPlan$NodeInVisitingSegment
Event: 7.730 loading class org/gradle/execution/plan/DefaultExecutionPlan$NodeInVisitingSegment done
Event: 7.730 loading class com/google/common/collect/HashMultimap
Event: 7.730 loading class com/google/common/collect/HashMultimap done
Event: 7.730 loading class com/google/common/collect/HashMultimapGwtSerializationDependencies
Event: 7.730 loading class com/google/common/collect/HashMultimapGwtSerializationDependencies done
Event: 7.731 loading class org/gradle/execution/plan/DefaultExecutionPlan$3
Event: 7.731 loading class org/gradle/execution/plan/DefaultExecutionPlan$3 done
Event: 7.731 loading class java/util/TreeMap$DescendingSubMap
Event: 7.766 loading class java/util/TreeMap$NavigableSubMap


Dynamic libraries:
0x00007ff60e330000 - 0x00007ff60e361000 	D:\android studio\jre\bin\java.exe
0x00007ffb08430000 - 0x00007ffb08610000 	C:\windows\SYSTEM32\ntdll.dll
0x00007ffb07e10000 - 0x00007ffb07ebe000 	C:\windows\System32\KERNEL32.DLL
0x00007ffb05280000 - 0x00007ffb054e6000 	C:\windows\System32\KERNELBASE.dll
0x00007ffb058d0000 - 0x00007ffb05971000 	C:\windows\System32\ADVAPI32.dll
0x00007ffb05cf0000 - 0x00007ffb05d8d000 	C:\windows\System32\msvcrt.dll
0x00007ffb05f50000 - 0x00007ffb05fab000 	C:\windows\System32\sechost.dll
0x00007ffb082e0000 - 0x00007ffb083ff000 	C:\windows\System32\RPCRT4.dll
0x00007ffb05b60000 - 0x00007ffb05cef000 	C:\windows\System32\USER32.dll
0x00007ffb05550000 - 0x00007ffb05570000 	C:\windows\System32\win32u.dll
0x00007ffb06130000 - 0x00007ffb06158000 	C:\windows\System32\GDI32.dll
0x00007ffb04f40000 - 0x00007ffb050d3000 	C:\windows\System32\gdi32full.dll
0x00007ffb050e0000 - 0x00007ffb0517b000 	C:\windows\System32\msvcp_win.dll
0x00007ffb04d40000 - 0x00007ffb04e34000 	C:\windows\System32\ucrtbase.dll
0x00007ffaf7110000 - 0x00007ffaf7379000 	C:\windows\WinSxS\amd64_microsoft.windows.common-controls_6595b64144ccf1df_6.0.16299.1087_none_0f9074b65a6589b7\COMCTL32.dll
0x00007ffb07fd0000 - 0x00007ffb082d6000 	C:\windows\System32\combase.dll
0x00007ffb05180000 - 0x00007ffb051f2000 	C:\windows\System32\bcryptPrimitives.dll
0x00007ffb07750000 - 0x00007ffb0777d000 	C:\windows\System32\IMM32.DLL
0x0000000057c60000 - 0x0000000057d32000 	D:\android studio\jre\jre\bin\msvcr100.dll
0x0000000057ed0000 - 0x0000000058716000 	D:\android studio\jre\jre\bin\server\jvm.dll
0x00007ffb05250000 - 0x00007ffb05273000 	C:\windows\System32\WINMM.dll
0x00007ffb04510000 - 0x00007ffb0453a000 	C:\windows\System32\WINMMBASE.dll
0x00007ffb04e40000 - 0x00007ffb04e8a000 	C:\windows\System32\cfgmgr32.dll
0x00007ffb05db0000 - 0x00007ffb05db8000 	C:\windows\System32\PSAPI.DLL
0x00007ffafa2d0000 - 0x00007ffafa2d9000 	C:\windows\SYSTEM32\WSOCK32.dll
0x00007ffb05dc0000 - 0x00007ffb05e2c000 	C:\windows\System32\WS2_32.dll
0x00007ffb00790000 - 0x00007ffb0079a000 	C:\windows\SYSTEM32\VERSION.dll
0x00007ffb02a80000 - 0x00007ffb02a8f000 	D:\android studio\jre\jre\bin\verify.dll
0x00007ffaff560000 - 0x00007ffaff589000 	D:\android studio\jre\jre\bin\java.dll
0x00007ffb00380000 - 0x00007ffb00396000 	D:\android studio\jre\jre\bin\zip.dll
0x00007ffb062b0000 - 0x00007ffb076e8000 	C:\windows\System32\SHELL32.dll
0x00007ffb07ec0000 - 0x00007ffb07f66000 	C:\windows\System32\shcore.dll
0x00007ffb04540000 - 0x00007ffb04c87000 	C:\windows\System32\windows.storage.dll
0x00007ffb060d0000 - 0x00007ffb06121000 	C:\windows\System32\shlwapi.dll
0x00007ffb044d0000 - 0x00007ffb044e1000 	C:\windows\System32\kernel.appcore.dll
0x00007ffb05200000 - 0x00007ffb0524c000 	C:\windows\System32\powrprof.dll
0x00007ffb044f0000 - 0x00007ffb0450b000 	C:\windows\System32\profapi.dll
0x00007ffaff540000 - 0x00007ffaff55a000 	D:\android studio\jre\jre\bin\net.dll
0x00007ffb03cb0000 - 0x00007ffb03d16000 	C:\windows\system32\mswsock.dll
0x00007ffaff520000 - 0x00007ffaff531000 	D:\android studio\jre\jre\bin\nio.dll
0x00007ffb003f0000 - 0x00007ffb00416000 	C:\Users\Administrator\.gradle\native\29\windows-amd64\native-platform.dll
0x00007ffb02a70000 - 0x00007ffb02a7d000 	D:\android studio\jre\jre\bin\management.dll
0x00007ffb03e80000 - 0x00007ffb03e97000 	C:\windows\SYSTEM32\CRYPTSP.dll
0x00007ffb038b0000 - 0x00007ffb038e3000 	C:\windows\system32\rsaenh.dll
0x00007ffb03f80000 - 0x00007ffb03fa5000 	C:\windows\SYSTEM32\bcrypt.dll
0x00007ffb043e0000 - 0x00007ffb04409000 	C:\windows\SYSTEM32\USERENV.dll
0x00007ffb03e70000 - 0x00007ffb03e7b000 	C:\windows\SYSTEM32\CRYPTBASE.dll
0x00007ffb03a40000 - 0x00007ffb03a79000 	C:\windows\SYSTEM32\IPHLPAPI.DLL
0x00007ffb05750000 - 0x00007ffb05758000 	C:\windows\System32\NSI.dll
0x00007ffaff9d0000 - 0x00007ffaff9e6000 	C:\windows\SYSTEM32\dhcpcsvc6.DLL
0x00007ffaff8a0000 - 0x00007ffaff8ba000 	C:\windows\SYSTEM32\dhcpcsvc.DLL

VM Arguments:
jvm_args: -Xmx1536m -Dfile.encoding=GBK -Duser.country=CN -Duser.language=zh -Duser.variant 
java_command: org.gradle.launcher.daemon.bootstrap.GradleDaemon 5.4.1
java_class_path (initial): C:\Users\Administrator\.gradle\wrapper\dists\gradle-5.4.1-all\3221gyojl5jsh0helicew7rwx\gradle-5.4.1\lib\gradle-launcher-5.4.1.jar
Launcher Type: SUN_STANDARD

Environment Variables:
PATH=C:\Program Files\Java\jdk1.8.0_181\bin;C:\ProgramData\DockerDesktop\version-bin;C:\Program Files\Docker\Docker\Resources\bin;D:\Python\Python37\Scripts\;D:\Python\Python37\;C:\windows\system32;C:\windows;C:\windows\System32\Wbem;C:\windows\System32\WindowsPowerShell\v1.0\;C:\Program Files (x86)\NVIDIA Corporation\PhysX\Common;C:\Program Files\TortoiseSVN\bin;C:\Program Files\NVIDIA Corporation\NVIDIA NvDLISR;D:\home\Redis\;C:\Users\Administrator\AppData\Local\Microsoft\WindowsApps;;D:\JETBrain\Python_professional\PyCharm 2019.2\bin;;D:\JETBrain\PhpStorm 2019.2\bin;;D:\JETBrain\Python\PyCharm Community Edition 2019.2\bin;
USERNAME=Administrator
OS=Windows_NT
PROCESSOR_IDENTIFIER=Intel64 Family 6 Model 158 Stepping 9, GenuineIntel



---------------  S Y S T E M  ---------------

OS: Windows 10.0 , 64 bit Build 16299 (10.0.16299.1087)

CPU:total 8 (initial active 8) (4 cores per cpu, 2 threads per core) family 6 model 158 stepping 9, cmov, cx8, fxsr, mmx, sse, sse2, sse3, ssse3, sse4.1, sse4.2, popcnt, avx, avx2, aes, clmul, erms, rtm, 3dnowpref, lzcnt, ht, tsc, tscinvbit, bmi1, bmi2, adx

Memory: 4k page, physical 16715692k(751328k free), swap 25104300k(644k free)

vm_info: OpenJDK 64-Bit Server VM (25.202-b03) for windows-amd64 JRE (1.8.0_202-release-1483-b03), built by "builder" with MS VC++ 10.0 (VS2010)

time: Sun Sep 15 23:48:10 2019
timezone: 中国标准时间
elapsed time: 7 seconds (0d 0h 0m 7s)

