#
# There is insufficient memory for the Java Runtime Environment to continue.
# Native memory allocation (malloc) failed to allocate 1640336 bytes for Chunk::new
# Possible reasons:
#   The system is out of physical RAM or swap space
#   The process is running with CompressedOops enabled, and the Java Heap may be blocking the growth of the native heap
# Possible solutions:
#   Reduce memory load on the system
#   Increase physical memory or swap space
#   Check if swap backing store is full
#   Decrease Java heap size (-Xmx/-Xms)
#   Decrease number of Java threads
#   Decrease Java thread stack sizes (-Xss)
#   Set larger code cache with -XX:ReservedCodeCacheSize=
#   JVM is running with Unscaled Compressed Oops mode in which the Java heap is
#     placed in the first 4GB address space. The Java Heap base address is the
#     maximum limit for the native heap growth. Please use -XX:HeapBaseMinAddress
#     to set the Java Heap base and to place the Java Heap above 4GB virtual address.
# This output file may be truncated or incomplete.
#
#  Out of Memory Error (allocation.cpp:389), pid=22216, tid=0x0000000000004170
#
# JRE version: OpenJDK Runtime Environment (8.0_202-b03) (build 1.8.0_202-release-1483-b03)
# Java VM: OpenJDK 64-Bit Server VM (25.202-b03 mixed mode windows-amd64 compressed oops)
# Failed to write core dump. Minidumps are not enabled by default on client versions of Windows
#

---------------  T H R E A D  ---------------

Current thread (0x000000001a705000):  JavaThread "C2 CompilerThread1" daemon [_thread_in_native, id=16752, stack(0x000000001afd0000,0x000000001b0d0000)]

Stack: [0x000000001afd0000,0x000000001b0d0000]
[error occurred during error reporting (printing stack bounds), id 0xc0000005]

Native frames: (J=compiled Java code, j=interpreted, Vv=VM code, C=native code)


Current CompileTask:
C2:  18644 11773   !   4       java.io.ObjectOutputStream::writeObject0 (619 bytes)


---------------  P R O C E S S  ---------------

Java Threads: ( => current thread )
  0x00000000237f1000 JavaThread "MarlinRenderer Disposer" daemon [_thread_blocked, id=16236, stack(0x0000000029ec0000,0x0000000029fc0000)]
  0x00000000237eb000 JavaThread "Java2D Disposer" daemon [_thread_blocked, id=21076, stack(0x0000000029bc0000,0x0000000029cc0000)]
  0x00000000237ed800 JavaThread "WorkerExecutor Queue Thread 8" [_thread_in_native, id=20644, stack(0x0000000029ac0000,0x0000000029bc0000)]
  0x0000000022db1800 JavaThread "WorkerExecutor Queue Thread 7" [_thread_in_native, id=21888, stack(0x00000000299c0000,0x0000000029ac0000)]
  0x000000001ff07800 JavaThread "WorkerExecutor Queue Thread 6" [_thread_in_Java, id=6572, stack(0x00000000298c0000,0x00000000299c0000)]
  0x000000001ff01800 JavaThread "WorkerExecutor Queue Thread 5" [_thread_in_native, id=17636, stack(0x00000000297c0000,0x00000000298c0000)]
  0x000000001ff08000 JavaThread "WorkerExecutor Queue Thread 4" [_thread_in_Java, id=16360, stack(0x00000000296c0000,0x00000000297c0000)]
  0x000000001ff06000 JavaThread "WorkerExecutor Queue Thread 3" [_thread_in_native, id=4672, stack(0x00000000295c0000,0x00000000296c0000)]
  0x000000001ff06800 JavaThread "WorkerExecutor Queue Thread 2" [_thread_in_native, id=12792, stack(0x00000000294c0000,0x00000000295c0000)]
  0x000000001ff04800 JavaThread "WorkerExecutor Queue" [_thread_in_native, id=6200, stack(0x0000000028ef0000,0x0000000028ff0000)]
  0x000000001ff02000 JavaThread "Cache worker for execution history cache (D:\Chrome\findex2\.gradle\5.4.1\executionHistory)" [_thread_blocked, id=16892, stack(0x0000000028cf0000,0x0000000028df0000)]
  0x000000001ff05000 JavaThread "Execution worker for ':' Thread 7" [_thread_blocked, id=7208, stack(0x0000000028a50000,0x0000000028b50000)]
  0x000000001fefc000 JavaThread "Execution worker for ':' Thread 6" [_thread_blocked, id=21704, stack(0x0000000028950000,0x0000000028a50000)]
  0x000000001feff000 JavaThread "Execution worker for ':' Thread 5" [_thread_blocked, id=16468, stack(0x0000000028850000,0x0000000028950000)]
  0x000000001fefd000 JavaThread "Execution worker for ':' Thread 4" [_thread_blocked, id=13812, stack(0x0000000028750000,0x0000000028850000)]
  0x000000001fefe800 JavaThread "Execution worker for ':' Thread 3" [_thread_in_Java, id=14192, stack(0x0000000028650000,0x0000000028750000)]
  0x000000001fefa800 JavaThread "Execution worker for ':' Thread 2" [_thread_blocked, id=6268, stack(0x0000000028550000,0x0000000028650000)]
  0x000000001fefb800 JavaThread "Execution worker for ':'" [_thread_blocked, id=18900, stack(0x0000000028450000,0x0000000028550000)]
  0x000000001fefd800 JavaThread "Cache worker for file content cache (D:\Chrome\findex2\.gradle\5.4.1\fileContent)" [_thread_blocked, id=12620, stack(0x0000000028350000,0x0000000028450000)]
  0x000000001ff00800 JavaThread "Cache worker for file content cache (C:\Users\Administrator\.gradle\caches\5.4.1\fileContent)" [_thread_blocked, id=18256, stack(0x0000000028250000,0x0000000028350000)]
  0x0000000022db6000 JavaThread "Memory manager" [_thread_blocked, id=11948, stack(0x00000000271a0000,0x00000000272a0000)]
  0x0000000022db3800 JavaThread "Cache worker for Build Output Cleanup Cache (D:\Chrome\findex2\.gradle\buildOutputCleanup)" [_thread_blocked, id=13388, stack(0x00000000256d0000,0x00000000257d0000)]
  0x0000000022daa000 JavaThread "pool-1-thread-1" [_thread_blocked, id=13948, stack(0x00000000253d0000,0x00000000254d0000)]
  0x0000000022da9000 JavaThread "Build operations Thread 8" [_thread_blocked, id=14236, stack(0x0000000024ed0000,0x0000000024fd0000)]
  0x0000000022db0000 JavaThread "Build operations Thread 7" [_thread_blocked, id=1044, stack(0x0000000024dd0000,0x0000000024ed0000)]
  0x0000000022daf000 JavaThread "Build operations Thread 6" [_thread_blocked, id=21692, stack(0x0000000024cd0000,0x0000000024dd0000)]
  0x0000000022dad800 JavaThread "Build operations Thread 5" [_thread_blocked, id=21024, stack(0x0000000024bd0000,0x0000000024cd0000)]
  0x0000000022dad000 JavaThread "Build operations Thread 4" [_thread_blocked, id=19492, stack(0x0000000024ad0000,0x0000000024bd0000)]
  0x0000000022dab800 JavaThread "Build operations Thread 3" [_thread_blocked, id=19996, stack(0x00000000249d0000,0x0000000024ad0000)]
  0x0000000022da8800 JavaThread "Build operations Thread 2" [_thread_blocked, id=5968, stack(0x00000000248d0000,0x00000000249d0000)]
  0x0000000022dac000 JavaThread "Build operations" [_thread_blocked, id=13716, stack(0x00000000247d0000,0x00000000248d0000)]
  0x0000000022daa800 JavaThread "Cache worker for execution history cache (C:\Users\Administrator\.gradle\caches\5.4.1\executionHistory)" [_thread_blocked, id=9292, stack(0x0000000024200000,0x0000000024300000)]
  0x0000000022dae800 JavaThread "Cache worker for cache directory md-rule (C:\Users\Administrator\.gradle\caches\5.4.1\md-rule)" [_thread_blocked, id=17984, stack(0x0000000023fb0000,0x00000000240b0000)]
  0x000000001d0cd800 JavaThread "Cache worker for cache directory md-supplier (C:\Users\Administrator\.gradle\caches\5.4.1\md-supplier)" [_thread_blocked, id=7492, stack(0x0000000023eb0000,0x0000000023fb0000)]
  0x000000001d0d0000 JavaThread "Cache worker for file hash cache (D:\Chrome\findex2\.gradle\5.4.1\fileHashes)" [_thread_blocked, id=6244, stack(0x0000000020300000,0x0000000020400000)]
  0x000000001d0d3000 JavaThread "Cache worker for journal cache (C:\Users\Administrator\.gradle\caches\journal-1)" [_thread_blocked, id=15560, stack(0x000000001f030000,0x000000001f130000)]
  0x000000001d0d1000 JavaThread "File lock request listener" [_thread_in_native, id=12604, stack(0x000000001ef30000,0x000000001f030000)]
  0x000000001c7f2000 JavaThread "Cache worker for file hash cache (C:\Users\Administrator\.gradle\caches\5.4.1\fileHashes)" [_thread_blocked, id=14628, stack(0x000000001ec30000,0x000000001ed30000)]
  0x000000001c4d8000 JavaThread "Thread-9" [_thread_blocked, id=10212, stack(0x000000001eb30000,0x000000001ec30000)]
  0x000000001c4e1000 JavaThread "Stdin handler" [_thread_blocked, id=13908, stack(0x000000001ea30000,0x000000001eb30000)]
  0x000000001c4e0000 JavaThread "Asynchronous log dispatcher for DefaultDaemonConnection: socket connection from /127.0.0.1:50410 to /127.0.0.1:50411" [_thread_blocked, id=9704, stack(0x000000001e830000,0x000000001e930000)]
  0x000000001c4da000 JavaThread "Daemon worker" [_thread_blocked, id=3684, stack(0x000000001e730000,0x000000001e830000)]
  0x000000001c57d000 JavaThread "Cancel handler" [_thread_blocked, id=14296, stack(0x000000001e630000,0x000000001e730000)]
  0x000000001c2b2000 JavaThread "Handler for socket connection from /127.0.0.1:50410 to /127.0.0.1:50411" [_thread_in_native, id=15480, stack(0x000000001e330000,0x000000001e430000)]
  0x000000001ccf4800 JavaThread "Daemon" [_thread_blocked, id=2288, stack(0x000000001e230000,0x000000001e330000)]
  0x000000001c71a000 JavaThread "Daemon periodic checks" [_thread_blocked, id=15460, stack(0x000000001e130000,0x000000001e230000)]
  0x000000001c718000 JavaThread "Incoming local TCP Connector on port 50410" [_thread_in_native, id=16064, stack(0x000000001df90000,0x000000001e090000)]
  0x000000001c2ce000 JavaThread "Daemon health stats" [_thread_blocked, id=15708, stack(0x000000001dc70000,0x000000001dd70000)]
  0x000000001a7a0000 JavaThread "Service Thread" daemon [_thread_blocked, id=20080, stack(0x000000001b2d0000,0x000000001b3d0000)]
  0x000000001a716800 JavaThread "C1 CompilerThread3" daemon [_thread_blocked, id=13800, stack(0x000000001b1d0000,0x000000001b2d0000)]
  0x000000001a707000 JavaThread "C2 CompilerThread2" daemon [_thread_in_native, id=19956, stack(0x000000001b0d0000,0x000000001b1d0000)]
=>0x000000001a705000 JavaThread "C2 CompilerThread1" daemon [_thread_in_native, id=16752, stack(0x000000001afd0000,0x000000001b0d0000)]
  0x000000001a6fb000 JavaThread "C2 CompilerThread0" daemon [_thread_in_native, id=17900, stack(0x000000001aed0000,0x000000001afd0000)]
  0x000000001a6f9800 JavaThread "Attach Listener" daemon [_thread_blocked, id=13028, stack(0x000000001add0000,0x000000001aed0000)]
  0x000000001a6a7000 JavaThread "Signal Dispatcher" daemon [_thread_blocked, id=18180, stack(0x000000001acd0000,0x000000001add0000)]
  0x0000000004ae8800 JavaThread "Finalizer" daemon [_thread_blocked, id=14848, stack(0x000000001ab70000,0x000000001ac70000)]
  0x00000000188ac000 JavaThread "Reference Handler" daemon [_thread_blocked, id=21648, stack(0x000000001aa70000,0x000000001ab70000)]
  0x00000000048ed800 JavaThread "main" [_thread_blocked, id=20604, stack(0x00000000048f0000,0x00000000049f0000)]

Other Threads:
  0x00000000188a8000 VMThread [stack: 0x000000001a570000,0x000000001a670000] [id=21944]
  0x000000001a7a1000 WatcherThread [stack: 0x000000001b3d0000,0x000000001b4d0000] [id=20700]

VM state:not at safepoint (normal execution)

VM Mutex/Monitor currently owned by a thread: None

heap address: 0x00000000a0000000, size: 1536 MB, Compressed Oops mode: 32-bit
Narrow klass base: 0x0000000000000000, Narrow klass shift: 3
Compressed class space size: 1073741824 Address: 0x0000000100000000

Heap:
 PSYoungGen      total 203776K, used 100013K [0x00000000e0000000, 0x00000000f2600000, 0x0000000100000000)
  eden space 154112K, 37% used [0x00000000e0000000,0x00000000e38ff5e8,0x00000000e9680000)
  from space 49664K, 83% used [0x00000000e9680000,0x00000000ebf2c160,0x00000000ec700000)
  to   space 54784K, 0% used [0x00000000ef080000,0x00000000ef080000,0x00000000f2600000)
 ParOldGen       total 294912K, used 83117K [0x00000000a0000000, 0x00000000b2000000, 0x00000000e0000000)
  object space 294912K, 28% used [0x00000000a0000000,0x00000000a512b6d0,0x00000000b2000000)
 Metaspace       used 73745K, capacity 76604K, committed 76952K, reserved 1116160K
  class space    used 9661K, capacity 10296K, committed 10408K, reserved 1048576K

Card table byte_map: [0x0000000013eb0000,0x00000000141c0000] byte_map_base: 0x00000000139b0000

Marking Bits: (ParMarkBitMap*) 0x0000000054539f30
 Begin Bits: [0x0000000014bc0000, 0x00000000163c0000)
 End Bits:   [0x00000000163c0000, 0x0000000017bc0000)

Polling page: 0x00000000044b0000

CodeCache: size=245760Kb used=32558Kb max_used=34196Kb free=213201Kb
 bounds [0x0000000004af0000, 0x0000000006cb0000, 0x0000000013af0000]
 total_blobs=10919 nmethods=9969 adapters=861
 compilation: enabled

Compilation events (10 events):
Event: 18.637 Thread 0x000000001a716800 12117       2       sun.java2d.SurfaceData::validatePipe (785 bytes)
Event: 18.638 Thread 0x000000001a6fb000 nmethod 12013 0x000000000635bb50 code [0x000000000635bca0, 0x000000000635bdd8]
Event: 18.638 Thread 0x000000001a6fb000 12115       4       com.android.utils.PositionXmlParser$DomBuilder::findOpeningTag (131 bytes)
Event: 18.639 Thread 0x000000001a716800 nmethod 12117 0x0000000004f66d50 code [0x0000000004f66fc0, 0x0000000004f67e88]
Event: 18.639 Thread 0x000000001a716800 12118       2       sun.java2d.pipe.ValidatePipe::validate (6 bytes)
Event: 18.639 Thread 0x000000001a716800 nmethod 12118 0x0000000006960b10 code [0x0000000006960c80, 0x0000000006960eb8]
Event: 18.639 Thread 0x000000001a716800 12119       2       java.lang.Math::multiplyExact (74 bytes)
Event: 18.639 Thread 0x000000001a716800 nmethod 12119 0x0000000005d433d0 code [0x0000000005d43540, 0x0000000005d43848]
Event: 18.640 Thread 0x000000001a716800 12121   !   2       java.io.ObjectInputStream$ValidationList::doCallbacks (58 bytes)
Event: 18.640 Thread 0x000000001a716800 nmethod 12121 0x0000000005932c90 code [0x0000000005932e20, 0x0000000005933158]

GC Heap History (10 events):
Event: 9.485 GC heap before
{Heap before GC invocations=14 (full 3):
 PSYoungGen      total 150016K, used 149888K [0x00000000e0000000, 0x00000000eb300000, 0x0000000100000000)
  eden space 138752K, 100% used [0x00000000e0000000,0x00000000e8780000,0x00000000e8780000)
  from space 11264K, 98% used [0x00000000ea800000,0x00000000eb2e0000,0x00000000eb300000)
  to   space 21504K, 0% used [0x00000000e8900000,0x00000000e8900000,0x00000000e9e00000)
 ParOldGen       total 294912K, used 41690K [0x00000000a0000000, 0x00000000b2000000, 0x00000000e0000000)
  object space 294912K, 14% used [0x00000000a0000000,0x00000000a28b68f8,0x00000000b2000000)
 Metaspace       used 66365K, capacity 68886K, committed 69144K, reserved 1110016K
  class space    used 8851K, capacity 9441K, committed 9512K, reserved 1048576K
Event: 9.496 GC heap after
Heap after GC invocations=14 (full 3):
 PSYoungGen      total 161792K, used 21502K [0x00000000e0000000, 0x00000000ec680000, 0x0000000100000000)
  eden space 140288K, 0% used [0x00000000e0000000,0x00000000e0000000,0x00000000e8900000)
  from space 21504K, 99% used [0x00000000e8900000,0x00000000e9dffa18,0x00000000e9e00000)
  to   space 24064K, 0% used [0x00000000eaf00000,0x00000000eaf00000,0x00000000ec680000)
 ParOldGen       total 294912K, used 41698K [0x00000000a0000000, 0x00000000b2000000, 0x00000000e0000000)
  object space 294912K, 14% used [0x00000000a0000000,0x00000000a28b88f8,0x00000000b2000000)
 Metaspace       used 66365K, capacity 68886K, committed 69144K, reserved 1110016K
  class space    used 8851K, capacity 9441K, committed 9512K, reserved 1048576K
}
Event: 13.303 GC heap before
{Heap before GC invocations=15 (full 3):
 PSYoungGen      total 161792K, used 161773K [0x00000000e0000000, 0x00000000ec680000, 0x0000000100000000)
  eden space 140288K, 99% used [0x00000000e0000000,0x00000000e88fbc40,0x00000000e8900000)
  from space 21504K, 99% used [0x00000000e8900000,0x00000000e9dffa18,0x00000000e9e00000)
  to   space 24064K, 0% used [0x00000000eaf00000,0x00000000eaf00000,0x00000000ec680000)
 ParOldGen       total 294912K, used 41698K [0x00000000a0000000, 0x00000000b2000000, 0x00000000e0000000)
  object space 294912K, 14% used [0x00000000a0000000,0x00000000a28b88f8,0x00000000b2000000)
 Metaspace       used 68742K, capacity 71416K, committed 71704K, reserved 1112064K
  class space    used 9140K, capacity 9756K, committed 9768K, reserved 1048576K
Event: 13.318 GC heap after
Heap after GC invocations=15 (full 3):
 PSYoungGen      total 173568K, used 24033K [0x00000000e0000000, 0x00000000ed100000, 0x0000000100000000)
  eden space 149504K, 0% used [0x00000000e0000000,0x00000000e0000000,0x00000000e9200000)
  from space 24064K, 99% used [0x00000000eaf00000,0x00000000ec678460,0x00000000ec680000)
  to   space 29696K, 0% used [0x00000000e9200000,0x00000000e9200000,0x00000000eaf00000)
 ParOldGen       total 294912K, used 48507K [0x00000000a0000000, 0x00000000b2000000, 0x00000000e0000000)
  object space 294912K, 16% used [0x00000000a0000000,0x00000000a2f5ed70,0x00000000b2000000)
 Metaspace       used 68742K, capacity 71416K, committed 71704K, reserved 1112064K
  class space    used 9140K, capacity 9756K, committed 9768K, reserved 1048576K
}
Event: 16.761 GC heap before
{Heap before GC invocations=16 (full 3):
 PSYoungGen      total 173568K, used 173537K [0x00000000e0000000, 0x00000000ed100000, 0x0000000100000000)
  eden space 149504K, 100% used [0x00000000e0000000,0x00000000e9200000,0x00000000e9200000)
  from space 24064K, 99% used [0x00000000eaf00000,0x00000000ec678460,0x00000000ec680000)
  to   space 29696K, 0% used [0x00000000e9200000,0x00000000e9200000,0x00000000eaf00000)
 ParOldGen       total 294912K, used 48507K [0x00000000a0000000, 0x00000000b2000000, 0x00000000e0000000)
  object space 294912K, 16% used [0x00000000a0000000,0x00000000a2f5ed70,0x00000000b2000000)
 Metaspace       used 70497K, capacity 73332K, committed 73496K, reserved 1112064K
  class space    used 9358K, capacity 9996K, committed 10024K, reserved 1048576K
Event: 16.781 GC heap after
Heap after GC invocations=16 (full 3):
 PSYoungGen      total 179200K, used 29691K [0x00000000e0000000, 0x00000000eee00000, 0x0000000100000000)
  eden space 149504K, 0% used [0x00000000e0000000,0x00000000e0000000,0x00000000e9200000)
  from space 29696K, 99% used [0x00000000e9200000,0x00000000eaefec30,0x00000000eaf00000)
  to   space 39936K, 0% used [0x00000000ec700000,0x00000000ec700000,0x00000000eee00000)
 ParOldGen       total 294912K, used 66006K [0x00000000a0000000, 0x00000000b2000000, 0x00000000e0000000)
  object space 294912K, 22% used [0x00000000a0000000,0x00000000a4075a08,0x00000000b2000000)
 Metaspace       used 70497K, capacity 73332K, committed 73496K, reserved 1112064K
  class space    used 9358K, capacity 9996K, committed 10024K, reserved 1048576K
}
Event: 18.215 GC heap before
{Heap before GC invocations=17 (full 3):
 PSYoungGen      total 179200K, used 179195K [0x00000000e0000000, 0x00000000eee00000, 0x0000000100000000)
  eden space 149504K, 100% used [0x00000000e0000000,0x00000000e9200000,0x00000000e9200000)
  from space 29696K, 99% used [0x00000000e9200000,0x00000000eaefec30,0x00000000eaf00000)
  to   space 39936K, 0% used [0x00000000ec700000,0x00000000ec700000,0x00000000eee00000)
 ParOldGen       total 294912K, used 66006K [0x00000000a0000000, 0x00000000b2000000, 0x00000000e0000000)
  object space 294912K, 22% used [0x00000000a0000000,0x00000000a4075a08,0x00000000b2000000)
 Metaspace       used 72051K, capacity 74956K, committed 75160K, reserved 1114112K
  class space    used 9495K, capacity 10122K, committed 10152K, reserved 1048576K
Event: 18.248 GC heap after
Heap after GC invocations=17 (full 3):
 PSYoungGen      total 194048K, used 39908K [0x00000000e0000000, 0x00000000f0600000, 0x0000000100000000)
  eden space 154112K, 0% used [0x00000000e0000000,0x00000000e0000000,0x00000000e9680000)
  from space 39936K, 99% used [0x00000000ec700000,0x00000000eedf9380,0x00000000eee00000)
  to   space 49664K, 0% used [0x00000000e9680000,0x00000000e9680000,0x00000000ec700000)
 ParOldGen       total 294912K, used 76917K [0x00000000a0000000, 0x00000000b2000000, 0x00000000e0000000)
  object space 294912K, 26% used [0x00000000a0000000,0x00000000a4b1d650,0x00000000b2000000)
 Metaspace       used 72051K, capacity 74956K, committed 75160K, reserved 1114112K
  class space    used 9495K, capacity 10122K, committed 10152K, reserved 1048576K
}
Event: 18.509 GC heap before
{Heap before GC invocations=18 (full 3):
 PSYoungGen      total 194048K, used 194020K [0x00000000e0000000, 0x00000000f0600000, 0x0000000100000000)
  eden space 154112K, 100% used [0x00000000e0000000,0x00000000e9680000,0x00000000e9680000)
  from space 39936K, 99% used [0x00000000ec700000,0x00000000eedf9380,0x00000000eee00000)
  to   space 49664K, 0% used [0x00000000e9680000,0x00000000e9680000,0x00000000ec700000)
 ParOldGen       total 294912K, used 76917K [0x00000000a0000000, 0x00000000b2000000, 0x00000000e0000000)
  object space 294912K, 26% used [0x00000000a0000000,0x00000000a4b1d650,0x00000000b2000000)
 Metaspace       used 73670K, capacity 76540K, committed 76696K, reserved 1116160K
  class space    used 9661K, capacity 10296K, committed 10408K, reserved 1048576K
Event: 18.532 GC heap after
Heap after GC invocations=18 (full 3):
 PSYoungGen      total 203776K, used 41648K [0x00000000e0000000, 0x00000000f2600000, 0x0000000100000000)
  eden space 154112K, 0% used [0x00000000e0000000,0x00000000e0000000,0x00000000e9680000)
  from space 49664K, 83% used [0x00000000e9680000,0x00000000ebf2c160,0x00000000ec700000)
  to   space 54784K, 0% used [0x00000000ef080000,0x00000000ef080000,0x00000000f2600000)
 ParOldGen       total 294912K, used 83117K [0x00000000a0000000, 0x00000000b2000000, 0x00000000e0000000)
  object space 294912K, 28% used [0x00000000a0000000,0x00000000a512b6d0,0x00000000b2000000)
 Metaspace       used 73670K, capacity 76540K, committed 76696K, reserved 1116160K
  class space    used 9661K, capacity 10296K, committed 10408K, reserved 1048576K
}

Deoptimization events (10 events):
Event: 18.100 Thread 0x000000001ff04800 Uncommon trap: reason=bimorphic action=maybe_recompile pc=0x0000000006391f24 method=java.io.DataInputStream.readChar()C @ 4
Event: 18.104 Thread 0x000000001ff06800 Uncommon trap: reason=array_check action=maybe_recompile pc=0x0000000005647104 method=java.util.TimSort.binarySort([Ljava/lang/Object;IIILjava/util/Comparator;)V @ 193
Event: 18.111 Thread 0x000000001ff04800 Uncommon trap: reason=array_check action=maybe_recompile pc=0x0000000005647104 method=java.util.TimSort.binarySort([Ljava/lang/Object;IIILjava/util/Comparator;)V @ 193
Event: 18.113 Thread 0x000000001ff06000 Uncommon trap: reason=array_check action=maybe_recompile pc=0x0000000005647104 method=java.util.TimSort.binarySort([Ljava/lang/Object;IIILjava/util/Comparator;)V @ 193
Event: 18.116 Thread 0x000000001ff04800 Uncommon trap: reason=array_check action=maybe_recompile pc=0x0000000005647104 method=java.util.TimSort.binarySort([Ljava/lang/Object;IIILjava/util/Comparator;)V @ 193
Event: 18.268 Thread 0x0000000022db1800 Uncommon trap: reason=unstable_if action=reinterpret pc=0x0000000004cf3870 method=java.io.WinNTFileSystem.prefixLength(Ljava/lang/String;)I @ 42
Event: 18.275 Thread 0x00000000237ed800 Uncommon trap: reason=bimorphic action=maybe_recompile pc=0x0000000004c6ee98 method=java.util.Hashtable.put(Ljava/lang/Object;Ljava/lang/Object;)Ljava/lang/Object; @ 18
Event: 18.275 Thread 0x000000001ff08000 Uncommon trap: reason=bimorphic action=maybe_recompile pc=0x0000000004c6ee98 method=java.util.Hashtable.put(Ljava/lang/Object;Ljava/lang/Object;)Ljava/lang/Object; @ 18
Event: 18.275 Thread 0x000000001ff06800 Uncommon trap: reason=bimorphic action=maybe_recompile pc=0x0000000004c6ee98 method=java.util.Hashtable.put(Ljava/lang/Object;Ljava/lang/Object;)Ljava/lang/Object; @ 18
Event: 18.275 Thread 0x000000001ff06000 Uncommon trap: reason=bimorphic action=maybe_recompile pc=0x0000000004c6ee98 method=java.util.Hashtable.put(Ljava/lang/Object;Ljava/lang/Object;)Ljava/lang/Object; @ 18

Classes redefined (0 events):
No events

Internal exceptions (10 events):
Event: 18.084 Thread 0x000000001fefe800 Exception <a 'java/lang/NoSuchMethodError': <clinit>> (0x00000000e630d808) thrown at [D:\src\AOSP-openjdk-cygwin\jdk8u\hotspot\src\share\vm\prims\jni.cpp, line 1614]
Event: 18.084 Thread 0x000000001fefe800 Exception <a 'java/lang/NoSuchMethodError': <clinit>> (0x00000000e6312420) thrown at [D:\src\AOSP-openjdk-cygwin\jdk8u\hotspot\src\share\vm\prims\jni.cpp, line 1614]
Event: 18.084 Thread 0x000000001fefe800 Exception <a 'java/lang/NoSuchMethodError': <clinit>> (0x00000000e63158b8) thrown at [D:\src\AOSP-openjdk-cygwin\jdk8u\hotspot\src\share\vm\prims\jni.cpp, line 1614]
Event: 18.084 Thread 0x000000001fefe800 Exception <a 'java/lang/NoSuchMethodError': <clinit>> (0x00000000e632cd68) thrown at [D:\src\AOSP-openjdk-cygwin\jdk8u\hotspot\src\share\vm\prims\jni.cpp, line 1614]
Event: 18.085 Thread 0x000000001fefe800 Exception <a 'java/lang/NoSuchMethodError': <clinit>> (0x00000000e6344948) thrown at [D:\src\AOSP-openjdk-cygwin\jdk8u\hotspot\src\share\vm\prims\jni.cpp, line 1614]
Event: 18.085 Thread 0x000000001fefe800 Exception <a 'java/lang/NoSuchMethodError': <clinit>> (0x00000000e6362018) thrown at [D:\src\AOSP-openjdk-cygwin\jdk8u\hotspot\src\share\vm\prims\jni.cpp, line 1614]
Event: 18.086 Thread 0x000000001fefe800 Exception <a 'java/lang/NoSuchMethodError': <clinit>> (0x00000000e6375600) thrown at [D:\src\AOSP-openjdk-cygwin\jdk8u\hotspot\src\share\vm\prims\jni.cpp, line 1614]
Event: 18.197 Thread 0x0000000022db1800 Exception <a 'java/io/FileNotFoundException'> (0x00000000e87270a8) thrown at [D:\src\AOSP-openjdk-cygwin\jdk8u\hotspot\src\share\vm\prims\jni.cpp, line 710]
Event: 18.215 Thread 0x000000001fefe800 Exception <a 'java/lang/NoSuchMethodError': <clinit>> (0x00000000e91fb948) thrown at [D:\src\AOSP-openjdk-cygwin\jdk8u\hotspot\src\share\vm\prims\jni.cpp, line 1614]
Event: 18.268 Thread 0x0000000022db1800 Exception <a 'java/io/FileNotFoundException'> (0x00000000e02f76b8) thrown at [D:\src\AOSP-openjdk-cygwin\jdk8u\hotspot\src\share\vm\prims\jni.cpp, line 710]

Events (10 events):
Event: 18.586 Thread 0x000000001ff07800 DEOPT PACKING pc=0x00000000068e2117 sp=0x00000000299bd6e0
Event: 18.586 Thread 0x000000001ff07800 DEOPT UNPACKING pc=0x0000000004b375d0 sp=0x00000000299bd398 mode 0
Event: 18.589 Thread 0x000000001ff07800 DEOPT PACKING pc=0x0000000004e46674 sp=0x00000000299bd850
Event: 18.589 Thread 0x000000001ff07800 DEOPT UNPACKING pc=0x0000000004b375d0 sp=0x00000000299bd588 mode 0
Event: 18.589 Thread 0x000000001ff07800 DEOPT PACKING pc=0x0000000004e46674 sp=0x00000000299bd850
Event: 18.589 Thread 0x000000001ff07800 DEOPT UNPACKING pc=0x0000000004b375d0 sp=0x00000000299bd588 mode 0
Event: 18.637 Thread 0x000000001ff01800 DEOPT PACKING pc=0x00000000055a02f9 sp=0x00000000298bd730
Event: 18.637 Thread 0x000000001ff01800 DEOPT UNPACKING pc=0x0000000004b375d0 sp=0x00000000298bd498 mode 0
Event: 18.637 Thread 0x000000001ff01800 DEOPT PACKING pc=0x000000000690c657 sp=0x00000000298bddb0
Event: 18.637 Thread 0x000000001ff01800 DEOPT UNPACKING pc=0x0000000004b375d0 sp=0x00000000298bdb48 mode 0


Dynamic libraries:
0x00007ff74b1f0000 - 0x00007ff74b221000 	D:\android studio\jre\bin\java.exe
0x00007ffedb4e0000 - 0x00007ffedb6c0000 	C:\windows\SYSTEM32\ntdll.dll
0x00007ffed92e0000 - 0x00007ffed938e000 	C:\windows\System32\KERNEL32.DLL
0x00007ffed7620000 - 0x00007ffed7886000 	C:\windows\System32\KERNELBASE.dll
0x00007ffed9040000 - 0x00007ffed90e1000 	C:\windows\System32\ADVAPI32.dll
0x00007ffed9240000 - 0x00007ffed92dd000 	C:\windows\System32\msvcrt.dll
0x00007ffed8980000 - 0x00007ffed89db000 	C:\windows\System32\sechost.dll
0x00007ffed9390000 - 0x00007ffed94af000 	C:\windows\System32\RPCRT4.dll
0x00007ffed9700000 - 0x00007ffed988f000 	C:\windows\System32\USER32.dll
0x00007ffed7a60000 - 0x00007ffed7a80000 	C:\windows\System32\win32u.dll
0x00007ffed89e0000 - 0x00007ffed8a08000 	C:\windows\System32\GDI32.dll
0x00007ffed84a0000 - 0x00007ffed8633000 	C:\windows\System32\gdi32full.dll
0x00007ffed7cb0000 - 0x00007ffed7d4b000 	C:\windows\System32\msvcp_win.dll
0x00007ffed8640000 - 0x00007ffed8734000 	C:\windows\System32\ucrtbase.dll
0x00007ffecbef0000 - 0x00007ffecc159000 	C:\windows\WinSxS\amd64_microsoft.windows.common-controls_6595b64144ccf1df_6.0.16299.1087_none_0f9074b65a6589b7\COMCTL32.dll
0x00007ffed8d30000 - 0x00007ffed9036000 	C:\windows\System32\combase.dll
0x00007ffed7a80000 - 0x00007ffed7af2000 	C:\windows\System32\bcryptPrimitives.dll
0x00007ffed9b20000 - 0x00007ffed9b4d000 	C:\windows\System32\IMM32.DLL
0x0000000053c70000 - 0x0000000053d42000 	D:\android studio\jre\jre\bin\msvcr100.dll
0x0000000053d70000 - 0x00000000545b6000 	D:\android studio\jre\jre\bin\server\jvm.dll
0x00007ffed75f0000 - 0x00007ffed7613000 	C:\windows\System32\WINMM.dll
0x00007ffed7560000 - 0x00007ffed758a000 	C:\windows\System32\WINMMBASE.dll
0x00007ffed8740000 - 0x00007ffed878a000 	C:\windows\System32\cfgmgr32.dll
0x00007ffed94b0000 - 0x00007ffed94b8000 	C:\windows\System32\PSAPI.DLL
0x00007ffec89d0000 - 0x00007ffec89d9000 	C:\windows\SYSTEM32\WSOCK32.dll
0x00007ffed9b50000 - 0x00007ffed9bbc000 	C:\windows\System32\WS2_32.dll
0x00007ffed3020000 - 0x00007ffed302a000 	C:\windows\SYSTEM32\VERSION.dll
0x00007ffecb1b0000 - 0x00007ffecb1bf000 	D:\android studio\jre\jre\bin\verify.dll
0x00007ffec65e0000 - 0x00007ffec6609000 	D:\android studio\jre\jre\bin\java.dll
0x00007ffec65c0000 - 0x00007ffec65d6000 	D:\android studio\jre\jre\bin\zip.dll
0x00007ffed9bc0000 - 0x00007ffedaff8000 	C:\windows\System32\SHELL32.dll
0x00007ffed8b30000 - 0x00007ffed8bd6000 	C:\windows\System32\shcore.dll
0x00007ffed7d50000 - 0x00007ffed8497000 	C:\windows\System32\windows.storage.dll
0x00007ffed9690000 - 0x00007ffed96e1000 	C:\windows\System32\shlwapi.dll
0x00007ffed7590000 - 0x00007ffed75a1000 	C:\windows\System32\kernel.appcore.dll
0x00007ffed7bb0000 - 0x00007ffed7bfc000 	C:\windows\System32\powrprof.dll
0x00007ffed75d0000 - 0x00007ffed75eb000 	C:\windows\System32\profapi.dll
0x00007ffeaf340000 - 0x00007ffeaf35a000 	D:\android studio\jre\jre\bin\net.dll
0x00007ffed6d60000 - 0x00007ffed6dc6000 	C:\windows\system32\mswsock.dll
0x00007ffe9d080000 - 0x00007ffe9d091000 	D:\android studio\jre\jre\bin\nio.dll
0x00007ffe99a10000 - 0x00007ffe99a36000 	C:\Users\Administrator\.gradle\native\29\windows-amd64\native-platform.dll
0x00007ffec9960000 - 0x00007ffec996d000 	D:\android studio\jre\jre\bin\management.dll
0x00007ffed6f30000 - 0x00007ffed6f47000 	C:\windows\SYSTEM32\CRYPTSP.dll
0x00007ffed6960000 - 0x00007ffed6993000 	C:\windows\system32\rsaenh.dll
0x00007ffed7030000 - 0x00007ffed7055000 	C:\windows\SYSTEM32\bcrypt.dll
0x00007ffed7460000 - 0x00007ffed7489000 	C:\windows\SYSTEM32\USERENV.dll
0x00007ffed6f20000 - 0x00007ffed6f2b000 	C:\windows\SYSTEM32\CRYPTBASE.dll
0x00007ffed6af0000 - 0x00007ffed6b29000 	C:\windows\SYSTEM32\IPHLPAPI.DLL
0x00007ffed96f0000 - 0x00007ffed96f8000 	C:\windows\System32\NSI.dll
0x00007ffed2910000 - 0x00007ffed2926000 	C:\windows\SYSTEM32\dhcpcsvc6.DLL
0x00007ffed28f0000 - 0x00007ffed290a000 	C:\windows\SYSTEM32\dhcpcsvc.DLL
0x00007ffeb0030000 - 0x00007ffeb0054000 	D:\android studio\jre\jre\bin\sunec.dll
0x00007ffed6b30000 - 0x00007ffed6be6000 	C:\windows\SYSTEM32\DNSAPI.dll
0x00007ffed1fb0000 - 0x00007ffed1fba000 	C:\Windows\System32\rasadhlp.dll
0x00007ffed1390000 - 0x00007ffed1400000 	C:\windows\System32\fwpuclnt.dll
0x00007ffec9910000 - 0x00007ffec991b000 	D:\android studio\jre\jre\bin\sunmscapi.dll
0x00007ffed7890000 - 0x00007ffed7a5e000 	C:\windows\System32\CRYPT32.dll
0x00007ffed75b0000 - 0x00007ffed75c2000 	C:\windows\System32\MSASN1.dll
0x00007ffe98f60000 - 0x00007ffe990fc000 	D:\android studio\jre\jre\bin\awt.dll
0x00007ffed95c0000 - 0x00007ffed9684000 	C:\windows\System32\OLEAUT32.dll
0x00007ffed5e80000 - 0x00007ffed5eaa000 	C:\windows\SYSTEM32\dwmapi.dll
0x00007ffed4e20000 - 0x00007ffed53d8000 	C:\windows\SYSTEM32\d2d1.dll
0x00007ffed5b60000 - 0x00007ffed5be8000 	C:\windows\SYSTEM32\apphelp.dll
0x00007ffed5d90000 - 0x00007ffed5e25000 	C:\windows\system32\uxtheme.dll

VM Arguments:
jvm_args: -Xmx1536m -Dfile.encoding=GBK -Duser.country=CN -Duser.language=zh -Duser.variant 
java_command: org.gradle.launcher.daemon.bootstrap.GradleDaemon 5.4.1
java_class_path (initial): C:\Users\Administrator\.gradle\wrapper\dists\gradle-5.4.1-all\3221gyojl5jsh0helicew7rwx\gradle-5.4.1\lib\gradle-launcher-5.4.1.jar
Launcher Type: SUN_STANDARD

Environment Variables:
PATH=C:\Program Files\Java\jdk1.8.0_181\bin;C:\ProgramData\DockerDesktop\version-bin;C:\Program Files\Docker\Docker\Resources\bin;D:\Python\Python37\Scripts\;D:\Python\Python37\;C:\windows\system32;C:\windows;C:\windows\System32\Wbem;C:\windows\System32\WindowsPowerShell\v1.0\;C:\Program Files (x86)\NVIDIA Corporation\PhysX\Common;C:\Program Files\TortoiseSVN\bin;C:\Program Files\NVIDIA Corporation\NVIDIA NvDLISR;D:\home\Redis\;D:\Git\cmd;C:\php;C:\Apache24;C:\Apache24\bin;C:\Users\Administrator\AppData\Local\Microsoft\WindowsApps;;D:\JETBrain\Python_professional\PyCharm 2019.2\bin;;D:\phpstorm\PhpStorm 2019.2.5\bin;;D:\JETBrain\Python\PyCharm Community Edition 2019.2\bin;
USERNAME=Administrator
OS=Windows_NT
PROCESSOR_IDENTIFIER=Intel64 Family 6 Model 158 Stepping 9, GenuineIntel



---------------  S Y S T E M  ---------------

OS: Windows 10.0 , 64 bit Build 16299 (10.0.16299.1087)

CPU:total 8 (initial active 8) (4 cores per cpu, 2 threads per core) family 6 model 158 stepping 9, cmov, cx8, fxsr, mmx, sse, sse2, sse3, ssse3, sse4.1, sse4.2, popcnt, avx, avx2, aes, clmul, erms, rtm, 3dnowpref, lzcnt, ht, tsc, tscinvbit, bmi1, bmi2, adx

Memory: 4k page, physical 16641964k(1412304k free), swap 25030572k(4868k free)

vm_info: OpenJDK 64-Bit Server VM (25.202-b03) for windows-amd64 JRE (1.8.0_202-release-1483-b03), built by "builder" with MS VC++ 10.0 (VS2010)

time: Thu Dec 19 01:23:53 2019
timezone: 中国标准时间
elapsed time: 18 seconds (0d 0h 0m 18s)

