#
# There is insufficient memory for the Java Runtime Environment to continue.
# Native memory allocation (malloc) failed to allocate 1995376 bytes for Chunk::new
# Possible reasons:
#   The system is out of physical RAM or swap space
#   The process is running with CompressedOops enabled, and the Java Heap may be blocking the growth of the native heap
# Possible solutions:
#   Reduce memory load on the system
#   Increase physical memory or swap space
#   Check if swap backing store is full
#   Decrease Java heap size (-Xmx/-Xms)
#   Decrease number of Java threads
#   Decrease Java thread stack sizes (-Xss)
#   Set larger code cache with -XX:ReservedCodeCacheSize=
#   JVM is running with Unscaled Compressed Oops mode in which the Java heap is
#     placed in the first 4GB address space. The Java Heap base address is the
#     maximum limit for the native heap growth. Please use -XX:HeapBaseMinAddress
#     to set the Java Heap base and to place the Java Heap above 4GB virtual address.
# This output file may be truncated or incomplete.
#
#  Out of Memory Error (allocation.cpp:389), pid=15748, tid=0x00000000000045f4
#
# JRE version: OpenJDK Runtime Environment (8.0_202-b03) (build 1.8.0_202-release-1483-b03)
# Java VM: OpenJDK 64-Bit Server VM (25.202-b03 mixed mode windows-amd64 compressed oops)
# Failed to write core dump. Minidumps are not enabled by default on client versions of Windows
#

---------------  T H R E A D  ---------------

Current thread (0x0000000016bd2800):  JavaThread "C2 CompilerThread0" daemon [_thread_in_native, id=17908, stack(0x0000000018ba0000,0x0000000018ca0000)]

Stack: [0x0000000018ba0000,0x0000000018ca0000]
[error occurred during error reporting (printing stack bounds), id 0xc0000005]

Native frames: (J=compiled Java code, j=interpreted, Vv=VM code, C=native code)


Current CompileTask:
C2:   9897 4360 %     4       groovy.lang.MetaClassImpl::inheritInterfaceNewMetaMethods @ 104 (199 bytes)


---------------  P R O C E S S  ---------------

Java Threads: ( => current thread )
  0x000000001d454800 JavaThread "Cache worker for Build Output Cleanup Cache (D:\android-studio-project\plutonem\Plutonem-Android-master\.gradle\buildOutputCleanup)" [_thread_blocked, id=6036, stack(0x0000000022d20000,0x0000000022e20000)]
  0x000000001d455000 JavaThread "pool-1-thread-1" [_thread_blocked, id=14876, stack(0x0000000022a20000,0x0000000022b20000)]
  0x000000001d45b000 JavaThread "Build operations Thread 6" [_thread_blocked, id=2116, stack(0x0000000022520000,0x0000000022620000)]
  0x000000001d45a800 JavaThread "Build operations Thread 5" [_thread_blocked, id=16756, stack(0x0000000022420000,0x0000000022520000)]
  0x000000001d456000 JavaThread "Build operations Thread 4" [_thread_blocked, id=16748, stack(0x0000000022320000,0x0000000022420000)]
  0x000000001d453800 JavaThread "Build operations Thread 3" [_thread_blocked, id=22448, stack(0x0000000022220000,0x0000000022320000)]
  0x000000001d459800 JavaThread "Build operations Thread 2" [_thread_blocked, id=16912, stack(0x0000000022120000,0x0000000022220000)]
  0x000000001d456800 JavaThread "Build operations" [_thread_blocked, id=15500, stack(0x0000000022020000,0x0000000022120000)]
  0x000000001d453000 JavaThread "Cache worker for execution history cache (C:\Users\CH\.gradle\caches\5.4.1\executionHistory)" [_thread_blocked, id=16796, stack(0x0000000021d20000,0x0000000021e20000)]
  0x000000001d452000 JavaThread "Cache worker for cache directory md-rule (C:\Users\CH\.gradle\caches\5.4.1\md-rule)" [_thread_blocked, id=12656, stack(0x0000000021c20000,0x0000000021d20000)]
  0x0000000019c53000 JavaThread "Cache worker for cache directory md-supplier (C:\Users\CH\.gradle\caches\5.4.1\md-supplier)" [_thread_blocked, id=17136, stack(0x0000000021b20000,0x0000000021c20000)]
  0x0000000019c50000 JavaThread "Cache worker for file hash cache (D:\android-studio-project\plutonem\Plutonem-Android-master\.gradle\5.4.1\fileHashes)" [_thread_blocked, id=16608, stack(0x000000001ddc0000,0x000000001dec0000)]
  0x0000000019c51800 JavaThread "Cache worker for journal cache (C:\Users\CH\.gradle\caches\journal-1)" [_thread_blocked, id=20452, stack(0x000000001bb20000,0x000000001bc20000)]
  0x0000000019c4f800 JavaThread "File lock request listener" [_thread_in_native, id=19744, stack(0x000000001ba20000,0x000000001bb20000)]
  0x0000000019c4e800 JavaThread "Cache worker for file hash cache (C:\Users\CH\.gradle\caches\5.4.1\fileHashes)" [_thread_blocked, id=12240, stack(0x000000001b720000,0x000000001b820000)]
  0x00000000188f1800 JavaThread "Thread-9" [_thread_blocked, id=21240, stack(0x000000001b620000,0x000000001b720000)]
  0x00000000188ec800 JavaThread "Stdin handler" [_thread_blocked, id=11832, stack(0x000000001b520000,0x000000001b620000)]
  0x00000000190c7800 JavaThread "Asynchronous log dispatcher for DefaultDaemonConnection: socket connection from /127.0.0.1:57309 to /127.0.0.1:57310" [_thread_blocked, id=3088, stack(0x000000001b420000,0x000000001b520000)]
  0x00000000190cd800 JavaThread "Daemon worker" [_thread_in_native, id=19592, stack(0x000000001b320000,0x000000001b420000)]
  0x00000000190cb000 JavaThread "Cancel handler" [_thread_blocked, id=4168, stack(0x000000001b220000,0x000000001b320000)]
  0x0000000019667800 JavaThread "Handler for socket connection from /127.0.0.1:57309 to /127.0.0.1:57310" [_thread_in_native, id=1904, stack(0x000000001af20000,0x000000001b020000)]
  0x0000000019660800 JavaThread "Daemon" [_thread_blocked, id=19224, stack(0x000000001ae20000,0x000000001af20000)]
  0x000000001927e000 JavaThread "Daemon periodic checks" [_thread_blocked, id=19904, stack(0x000000001ad20000,0x000000001ae20000)]
  0x000000001919d000 JavaThread "Incoming local TCP Connector on port 57309" [_thread_in_native, id=13760, stack(0x000000001ab70000,0x000000001ac70000)]
  0x000000001a226000 JavaThread "Daemon health stats" [_thread_blocked, id=22480, stack(0x000000001a870000,0x000000001a970000)]
  0x000000001865a800 JavaThread "Service Thread" daemon [_thread_blocked, id=19204, stack(0x0000000018ea0000,0x0000000018fa0000)]
  0x0000000018639000 JavaThread "C1 CompilerThread2" daemon [_thread_blocked, id=13632, stack(0x0000000018da0000,0x0000000018ea0000)]
  0x0000000018630000 JavaThread "C2 CompilerThread1" daemon [_thread_in_native, id=992, stack(0x0000000018ca0000,0x0000000018da0000)]
=>0x0000000016bd2800 JavaThread "C2 CompilerThread0" daemon [_thread_in_native, id=17908, stack(0x0000000018ba0000,0x0000000018ca0000)]
  0x00000000185f3800 JavaThread "Attach Listener" daemon [_thread_blocked, id=15172, stack(0x0000000018aa0000,0x0000000018ba0000)]
  0x0000000016bb8800 JavaThread "Signal Dispatcher" daemon [_thread_blocked, id=19796, stack(0x00000000189a0000,0x0000000018aa0000)]
  0x000000000300a800 JavaThread "Finalizer" daemon [_thread_blocked, id=16320, stack(0x0000000018440000,0x0000000018540000)]
  0x0000000003002000 JavaThread "Reference Handler" daemon [_thread_blocked, id=19308, stack(0x0000000018340000,0x0000000018440000)]
  0x0000000002f10800 JavaThread "main" [_thread_blocked, id=16740, stack(0x0000000002dd0000,0x0000000002ed0000)]

Other Threads:
  0x0000000016b87000 VMThread [stack: 0x0000000018240000,0x0000000018340000] [id=12576]
  0x0000000018663000 WatcherThread [stack: 0x0000000018fa0000,0x00000000190a0000] [id=15716]

VM state:not at safepoint (normal execution)

VM Mutex/Monitor currently owned by a thread: None

heap address: 0x00000000a0000000, size: 1536 MB, Compressed Oops mode: 32-bit
Narrow klass base: 0x0000000000000000, Narrow klass shift: 3
Compressed class space size: 1073741824 Address: 0x0000000100000000

Heap:
 PSYoungGen      total 150528K, used 108589K [0x00000000e0000000, 0x00000000eca80000, 0x0000000100000000)
  eden space 136704K, 69% used [0x00000000e0000000,0x00000000e5c8daf0,0x00000000e8580000)
  from space 13824K, 99% used [0x00000000e8580000,0x00000000e92fdc70,0x00000000e9300000)
  to   space 16896K, 0% used [0x00000000eba00000,0x00000000eba00000,0x00000000eca80000)
 ParOldGen       total 100864K, used 21105K [0x00000000a0000000, 0x00000000a6280000, 0x00000000e0000000)
  object space 100864K, 20% used [0x00000000a0000000,0x00000000a149c570,0x00000000a6280000)
 Metaspace       used 52470K, capacity 53928K, committed 54056K, reserved 1095680K
  class space    used 7048K, capacity 7426K, committed 7464K, reserved 1048576K

Card table byte_map: [0x00000000123d0000,0x00000000126e0000] byte_map_base: 0x0000000011ed0000

Marking Bits: (ParMarkBitMap*) 0x0000000075c29f30
 Begin Bits: [0x0000000012ee0000, 0x00000000146e0000)
 End Bits:   [0x00000000146e0000, 0x0000000015ee0000)

Polling page: 0x00000000009e0000

CodeCache: size=245760Kb used=14985Kb max_used=14985Kb free=230774Kb
 bounds [0x0000000003010000, 0x0000000003ed0000, 0x0000000012010000]
 total_blobs=5171 nmethods=4400 adapters=683
 compilation: enabled

Compilation events (10 events):
Event: 9.858 Thread 0x0000000018639000 4774       3       java.util.stream.ReferencePipeline$2$1::accept (27 bytes)
Event: 9.858 Thread 0x0000000018639000 nmethod 4774 0x000000000336ea50 code [0x000000000336ebc0, 0x000000000336eef8]
Event: 9.860 Thread 0x0000000018639000 4775       1       java.util.stream.Collectors$CollectorImpl::supplier (5 bytes)
Event: 9.860 Thread 0x0000000018639000 nmethod 4775 0x0000000003369c10 code [0x0000000003369d60, 0x0000000003369e70]
Event: 9.860 Thread 0x0000000018639000 4776       1       java.util.stream.Collectors$CollectorImpl::accumulator (5 bytes)
Event: 9.860 Thread 0x0000000018639000 nmethod 4776 0x000000000336e790 code [0x000000000336e8e0, 0x000000000336e9f0]
Event: 9.860 Thread 0x0000000018639000 4777       1       java.util.stream.Collectors$CollectorImpl::combiner (5 bytes)
Event: 9.860 Thread 0x0000000018639000 nmethod 4777 0x000000000336e4d0 code [0x000000000336e620, 0x000000000336e730]
Event: 9.860 Thread 0x0000000018639000 4778       1       java.util.stream.ReduceOps$Box::get (5 bytes)
Event: 9.860 Thread 0x0000000018639000 nmethod 4778 0x000000000336e210 code [0x000000000336e360, 0x000000000336e470]

GC Heap History (10 events):
Event: 3.677 GC heap before
{Heap before GC invocations=7 (full 1):
 PSYoungGen      total 71680K, used 66560K [0x00000000e0000000, 0x00000000e9900000, 0x0000000100000000)
  eden space 66560K, 100% used [0x00000000e0000000,0x00000000e4100000,0x00000000e4100000)
  from space 5120K, 0% used [0x00000000e4100000,0x00000000e4100000,0x00000000e4600000)
  to   space 11776K, 0% used [0x00000000e8d80000,0x00000000e8d80000,0x00000000e9900000)
 ParOldGen       total 68608K, used 11017K [0x00000000a0000000, 0x00000000a4300000, 0x00000000e0000000)
  object space 68608K, 16% used [0x00000000a0000000,0x00000000a0ac2690,0x00000000a4300000)
 Metaspace       used 29040K, capacity 29556K, committed 29824K, reserved 1075200K
  class space    used 3927K, capacity 4102K, committed 4224K, reserved 1048576K
Event: 3.690 GC heap after
Heap after GC invocations=7 (full 1):
 PSYoungGen      total 104960K, used 8167K [0x00000000e0000000, 0x00000000e9580000, 0x0000000100000000)
  eden space 96768K, 0% used [0x00000000e0000000,0x00000000e0000000,0x00000000e5e80000)
  from space 8192K, 99% used [0x00000000e8d80000,0x00000000e9579cc8,0x00000000e9580000)
  to   space 11776K, 0% used [0x00000000e7e80000,0x00000000e7e80000,0x00000000e8a00000)
 ParOldGen       total 68608K, used 11025K [0x00000000a0000000, 0x00000000a4300000, 0x00000000e0000000)
  object space 68608K, 16% used [0x00000000a0000000,0x00000000a0ac4690,0x00000000a4300000)
 Metaspace       used 29040K, capacity 29556K, committed 29824K, reserved 1075200K
  class space    used 3927K, capacity 4102K, committed 4224K, reserved 1048576K
}
Event: 5.348 GC heap before
{Heap before GC invocations=8 (full 1):
 PSYoungGen      total 104960K, used 104935K [0x00000000e0000000, 0x00000000e9580000, 0x0000000100000000)
  eden space 96768K, 100% used [0x00000000e0000000,0x00000000e5e80000,0x00000000e5e80000)
  from space 8192K, 99% used [0x00000000e8d80000,0x00000000e9579cc8,0x00000000e9580000)
  to   space 11776K, 0% used [0x00000000e7e80000,0x00000000e7e80000,0x00000000e8a00000)
 ParOldGen       total 68608K, used 11025K [0x00000000a0000000, 0x00000000a4300000, 0x00000000e0000000)
  object space 68608K, 16% used [0x00000000a0000000,0x00000000a0ac4690,0x00000000a4300000)
 Metaspace       used 33948K, capacity 34654K, committed 34944K, reserved 1079296K
  class space    used 4664K, capacity 4874K, committed 4992K, reserved 1048576K
Event: 5.362 GC heap after
Heap after GC invocations=8 (full 1):
 PSYoungGen      total 141312K, used 11764K [0x00000000e0000000, 0x00000000ea000000, 0x0000000100000000)
  eden space 129536K, 0% used [0x00000000e0000000,0x00000000e0000000,0x00000000e7e80000)
  from space 11776K, 99% used [0x00000000e7e80000,0x00000000e89fd0a8,0x00000000e8a00000)
  to   space 13312K, 0% used [0x00000000e9300000,0x00000000e9300000,0x00000000ea000000)
 ParOldGen       total 68608K, used 11159K [0x00000000a0000000, 0x00000000a4300000, 0x00000000e0000000)
  object space 68608K, 16% used [0x00000000a0000000,0x00000000a0ae5ee8,0x00000000a4300000)
 Metaspace       used 33948K, capacity 34654K, committed 34944K, reserved 1079296K
  class space    used 4664K, capacity 4874K, committed 4992K, reserved 1048576K
}
Event: 6.553 GC heap before
{Heap before GC invocations=9 (full 1):
 PSYoungGen      total 141312K, used 47815K [0x00000000e0000000, 0x00000000ea000000, 0x0000000100000000)
  eden space 129536K, 27% used [0x00000000e0000000,0x00000000e2334c78,0x00000000e7e80000)
  from space 11776K, 99% used [0x00000000e7e80000,0x00000000e89fd0a8,0x00000000e8a00000)
  to   space 13312K, 0% used [0x00000000e9300000,0x00000000e9300000,0x00000000ea000000)
 ParOldGen       total 68608K, used 11159K [0x00000000a0000000, 0x00000000a4300000, 0x00000000e0000000)
  object space 68608K, 16% used [0x00000000a0000000,0x00000000a0ae5ee8,0x00000000a4300000)
 Metaspace       used 34562K, capacity 35420K, committed 35496K, reserved 1079296K
  class space    used 4750K, capacity 5001K, committed 5032K, reserved 1048576K
Event: 6.598 GC heap after
Heap after GC invocations=9 (full 1):
 PSYoungGen      total 150016K, used 10311K [0x00000000e0000000, 0x00000000ed780000, 0x0000000100000000)
  eden space 136704K, 0% used [0x00000000e0000000,0x00000000e0000000,0x00000000e8580000)
  from space 13312K, 77% used [0x00000000e9300000,0x00000000e9d11c00,0x00000000ea000000)
  to   space 13824K, 0% used [0x00000000e8580000,0x00000000e8580000,0x00000000e9300000)
 ParOldGen       total 68608K, used 11167K [0x00000000a0000000, 0x00000000a4300000, 0x00000000e0000000)
  object space 68608K, 16% used [0x00000000a0000000,0x00000000a0ae7ee8,0x00000000a4300000)
 Metaspace       used 34562K, capacity 35420K, committed 35496K, reserved 1079296K
  class space    used 4750K, capacity 5001K, committed 5032K, reserved 1048576K
}
Event: 6.598 GC heap before
{Heap before GC invocations=10 (full 2):
 PSYoungGen      total 150016K, used 10311K [0x00000000e0000000, 0x00000000ed780000, 0x0000000100000000)
  eden space 136704K, 0% used [0x00000000e0000000,0x00000000e0000000,0x00000000e8580000)
  from space 13312K, 77% used [0x00000000e9300000,0x00000000e9d11c00,0x00000000ea000000)
  to   space 13824K, 0% used [0x00000000e8580000,0x00000000e8580000,0x00000000e9300000)
 ParOldGen       total 68608K, used 11167K [0x00000000a0000000, 0x00000000a4300000, 0x00000000e0000000)
  object space 68608K, 16% used [0x00000000a0000000,0x00000000a0ae7ee8,0x00000000a4300000)
 Metaspace       used 34562K, capacity 35420K, committed 35496K, reserved 1079296K
  class space    used 4750K, capacity 5001K, committed 5032K, reserved 1048576K
Event: 6.684 GC heap after
Heap after GC invocations=10 (full 2):
 PSYoungGen      total 150016K, used 0K [0x00000000e0000000, 0x00000000ed780000, 0x0000000100000000)
  eden space 136704K, 0% used [0x00000000e0000000,0x00000000e0000000,0x00000000e8580000)
  from space 13312K, 0% used [0x00000000e9300000,0x00000000e9300000,0x00000000ea000000)
  to   space 13824K, 0% used [0x00000000e8580000,0x00000000e8580000,0x00000000e9300000)
 ParOldGen       total 100864K, used 17597K [0x00000000a0000000, 0x00000000a6280000, 0x00000000e0000000)
  object space 100864K, 17% used [0x00000000a0000000,0x00000000a112f768,0x00000000a6280000)
 Metaspace       used 34537K, capacity 35336K, committed 35496K, reserved 1079296K
  class space    used 4743K, capacity 4987K, committed 5032K, reserved 1048576K
}
Event: 8.802 GC heap before
{Heap before GC invocations=11 (full 2):
 PSYoungGen      total 150016K, used 136704K [0x00000000e0000000, 0x00000000ed780000, 0x0000000100000000)
  eden space 136704K, 100% used [0x00000000e0000000,0x00000000e8580000,0x00000000e8580000)
  from space 13312K, 0% used [0x00000000e9300000,0x00000000e9300000,0x00000000ea000000)
  to   space 13824K, 0% used [0x00000000e8580000,0x00000000e8580000,0x00000000e9300000)
 ParOldGen       total 100864K, used 17597K [0x00000000a0000000, 0x00000000a6280000, 0x00000000e0000000)
  object space 100864K, 17% used [0x00000000a0000000,0x00000000a112f768,0x00000000a6280000)
 Metaspace       used 46767K, capacity 47968K, committed 48424K, reserved 1091584K
  class space    used 6272K, capacity 6587K, committed 6696K, reserved 1048576K
Event: 8.814 GC heap after
Heap after GC invocations=11 (full 2):
 PSYoungGen      total 150528K, used 13815K [0x00000000e0000000, 0x00000000eca80000, 0x0000000100000000)
  eden space 136704K, 0% used [0x00000000e0000000,0x00000000e0000000,0x00000000e8580000)
  from space 13824K, 99% used [0x00000000e8580000,0x00000000e92fdc70,0x00000000e9300000)
  to   space 16896K, 0% used [0x00000000eba00000,0x00000000eba00000,0x00000000eca80000)
 ParOldGen       total 100864K, used 21105K [0x00000000a0000000, 0x00000000a6280000, 0x00000000e0000000)
  object space 100864K, 20% used [0x00000000a0000000,0x00000000a149c570,0x00000000a6280000)
 Metaspace       used 46767K, capacity 47968K, committed 48424K, reserved 1091584K
  class space    used 6272K, capacity 6587K, committed 6696K, reserved 1048576K
}

Deoptimization events (10 events):
Event: 8.271 Thread 0x00000000190cd800 Uncommon trap: reason=unstable_if action=reinterpret pc=0x00000000039a89e8 method=java.util.jar.JarFile.maybeInstantiateVerifier()V @ 4
Event: 8.299 Thread 0x00000000190cd800 Uncommon trap: reason=unstable_if action=reinterpret pc=0x000000000386eaa4 method=org.objectweb.asm.ByteVector.putUTF8(Ljava/lang/String;)Lorg/objectweb/asm/ByteVector; @ 93
Event: 8.369 Thread 0x00000000190cd800 Uncommon trap: reason=unstable_if action=reinterpret pc=0x000000000381e3b0 method=org.objectweb.asm.ByteVector.putUTF8(Ljava/lang/String;)Lorg/objectweb/asm/ByteVector; @ 93
Event: 8.593 Thread 0x00000000190cd800 Uncommon trap: reason=unstable_if action=reinterpret pc=0x000000000392ad10 method=org.gradle.internal.reflect.PropertyAccessorType.of(Ljava/lang/reflect/Method;)Lorg/gradle/internal/reflect/PropertyAccessorType; @ 56
Event: 8.690 Thread 0x00000000190cd800 Uncommon trap: reason=unstable_if action=reinterpret pc=0x0000000003606624 method=java.lang.String.lastIndexOf([CII[CIII)I @ 17
Event: 8.690 Thread 0x00000000190cd800 Uncommon trap: reason=unstable_if action=reinterpret pc=0x00000000038d901c method=sun.net.www.protocol.jar.Handler.parseURL(Ljava/net/URL;Ljava/lang/String;II)V @ 94
Event: 8.967 Thread 0x00000000190cd800 Uncommon trap: reason=unstable_if action=reinterpret pc=0x0000000003a45e6c method=java.util.Arrays.hashCode([Ljava/lang/Object;)I @ 34
Event: 8.969 Thread 0x00000000190cd800 Uncommon trap: reason=class_check action=maybe_recompile pc=0x0000000003616c80 method=java.lang.Throwable.<init>(Ljava/lang/String;Ljava/lang/Throwable;)V @ 24
Event: 8.971 Thread 0x00000000190cd800 Uncommon trap: reason=unstable_if action=reinterpret pc=0x000000000340244c method=org.gradle.internal.logging.text.AbstractLineChoppingStyledTextOutput$2.execute(Lorg/gradle/internal/logging/text/AbstractLineChoppingStyledTextOutput$StateContext;)V @ 30
Event: 9.568 Thread 0x00000000190cd800 Uncommon trap: reason=unstable_if action=reinterpret pc=0x0000000003536448 method=kotlin.reflect.jvm.internal.impl.protobuf.CodedInputStream.readRawVarint32()I @ 10

Classes redefined (0 events):
No events

Internal exceptions (10 events):
Event: 8.923 Thread 0x00000000190cd800 Exception <a 'java/lang/ClassNotFoundException': org/gradle/api/internal/artifacts/dependencies/DefaultExternalModuleDependency_DecoratedCustomizer> (0x00000000e200c458) thrown at [D:\src\AOSP-openjdk-cygwin\jdk8u\hotspot\src\share\vm\classfile\systemDict
Event: 8.958 Thread 0x00000000190cd800 Exception <a 'java/lang/ClassNotFoundException': org/gradle/api/internal/artifacts/dependencies/DefaultProjectDependency_DecoratedBeanInfo> (0x00000000e21baf00) thrown at [D:\src\AOSP-openjdk-cygwin\jdk8u\hotspot\src\share\vm\classfile\systemDictionary.cp
Event: 8.959 Thread 0x00000000190cd800 Exception <a 'java/lang/ClassNotFoundException': org/gradle/api/internal/artifacts/dependencies/DefaultProjectDependencyBeanInfo> (0x00000000e2202778) thrown at [D:\src\AOSP-openjdk-cygwin\jdk8u\hotspot\src\share\vm\classfile\systemDictionary.cpp, line 21
Event: 8.960 Thread 0x00000000190cd800 Exception <a 'java/lang/ClassNotFoundException': org/gradle/api/internal/artifacts/dependencies/DefaultProjectDependencyCustomizer> (0x00000000e224ad70) thrown at [D:\src\AOSP-openjdk-cygwin\jdk8u\hotspot\src\share\vm\classfile\systemDictionary.cpp, line 
Event: 8.961 Thread 0x00000000190cd800 Exception <a 'java/lang/ClassNotFoundException': org/gradle/api/internal/artifacts/dependencies/DefaultProjectDependency_DecoratedCustomizer> (0x00000000e22b3480) thrown at [D:\src\AOSP-openjdk-cygwin\jdk8u\hotspot\src\share\vm\classfile\systemDictionary.
Event: 8.966 Thread 0x00000000190cd800 Implicit null exception at 0x0000000003a45daf to 0x0000000003a45e4d
Event: 9.248 Thread 0x00000000190cd800 Exception <a 'java/lang/NoSuchMethodError': java.lang.Object.lambda$comparing$77a9974f$1(Ljava/util/function/Function;Ljava/lang/Object;Ljava/lang/Object;)I> (0x00000000e2d02dc8) thrown at [D:\src\AOSP-openjdk-cygwin\jdk8u\hotspot\src\share\vm\interpreter
Event: 9.263 Thread 0x00000000190cd800 Exception <a 'java/lang/NoSuchMethodError': java.lang.Object.lambda$comparingInt$7b0bb60$1(Ljava/util/function/ToIntFunction;Ljava/lang/Object;Ljava/lang/Object;)I> (0x00000000e2d0d3b0) thrown at [D:\src\AOSP-openjdk-cygwin\jdk8u\hotspot\src\share\vm\inte
Event: 9.264 Thread 0x00000000190cd800 Exception <a 'java/lang/NoSuchMethodError': java.lang.Object.lambda$thenComparing$36697e65$1(Ljava/util/Comparator;Ljava/lang/Object;Ljava/lang/Object;)I> (0x00000000e2d15f38) thrown at [D:\src\AOSP-openjdk-cygwin\jdk8u\hotspot\src\share\vm\interpreter\li
Event: 9.266 Thread 0x00000000190cd800 Exception <a 'java/lang/NoSuchMethodError': java.lang.Object.lambda$comparing$ea9a8b3a$1(Ljava/util/Comparator;Ljava/util/function/Function;Ljava/lang/Object;Ljava/lang/Object;)I> (0x00000000e2d239e8) thrown at [D:\src\AOSP-openjdk-cygwin\jdk8u\hotspot\sr

Events (10 events):
Event: 9.859 loading class com/android/build/gradle/internal/tasks/databinding/DataBindingMergeBaseClassLogTask
Event: 9.859 loading class com/android/build/gradle/internal/tasks/databinding/DataBindingMergeBaseClassLogTask done
Event: 9.860 loading class com/android/build/gradle/internal/tasks/databinding/DataBindingMergeDependencyArtifactsTask
Event: 9.860 loading class com/android/build/gradle/internal/tasks/databinding/DataBindingMergeDependencyArtifactsTask done
Event: 9.861 loading class android/databinding/tool/util/L
Event: 9.861 loading class android/databinding/tool/util/L done
Event: 9.862 Executing VM operation: RevokeBias
Event: 9.862 Executing VM operation: RevokeBias done
Event: 9.863 loading class android/databinding/tool/util/LoggedErrorException
Event: 9.863 loading class android/databinding/tool/util/LoggedErrorException done


Dynamic libraries:
0x00007ff692220000 - 0x00007ff692251000 	D:\android studio\jre\bin\java.exe
0x00007ff81bf40000 - 0x00007ff81c130000 	C:\WINDOWS\SYSTEM32\ntdll.dll
0x00007ff81b840000 - 0x00007ff81b8f2000 	C:\WINDOWS\System32\KERNEL32.DLL
0x00007ff818f80000 - 0x00007ff819223000 	C:\WINDOWS\System32\KERNELBASE.dll
0x00007ff81af70000 - 0x00007ff81b013000 	C:\WINDOWS\System32\ADVAPI32.dll
0x00007ff81b7a0000 - 0x00007ff81b83e000 	C:\WINDOWS\System32\msvcrt.dll
0x00007ff81bd90000 - 0x00007ff81be27000 	C:\WINDOWS\System32\sechost.dll
0x00007ff81a4f0000 - 0x00007ff81a610000 	C:\WINDOWS\System32\RPCRT4.dll
0x00007ff81add0000 - 0x00007ff81af64000 	C:\WINDOWS\System32\USER32.dll
0x00007ff819fc0000 - 0x00007ff819fe1000 	C:\WINDOWS\System32\win32u.dll
0x00007ff81a3b0000 - 0x00007ff81a3d6000 	C:\WINDOWS\System32\GDI32.dll
0x00007ff819c60000 - 0x00007ff819df4000 	C:\WINDOWS\System32\gdi32full.dll
0x00007ff819e50000 - 0x00007ff819eee000 	C:\WINDOWS\System32\msvcp_win.dll
0x00007ff819290000 - 0x00007ff81938a000 	C:\WINDOWS\System32\ucrtbase.dll
0x00007ff80cfc0000 - 0x00007ff80d245000 	C:\WINDOWS\WinSxS\amd64_microsoft.windows.common-controls_6595b64144ccf1df_6.0.18362.592_none_e6c0b1911312be02\COMCTL32.dll
0x00007ff81aa20000 - 0x00007ff81ad56000 	C:\WINDOWS\System32\combase.dll
0x00007ff818f00000 - 0x00007ff818f80000 	C:\WINDOWS\System32\bcryptPrimitives.dll
0x00007ff81b770000 - 0x00007ff81b79e000 	C:\WINDOWS\System32\IMM32.DLL
0x0000000075d40000 - 0x0000000075e12000 	D:\android studio\jre\jre\bin\msvcr100.dll
0x0000000075460000 - 0x0000000075ca6000 	D:\android studio\jre\jre\bin\server\jvm.dll
0x00007ff81a3a0000 - 0x00007ff81a3a8000 	C:\WINDOWS\System32\PSAPI.DLL
0x00007ff816e30000 - 0x00007ff816e54000 	C:\WINDOWS\SYSTEM32\WINMM.dll
0x00007ff8138b0000 - 0x00007ff8138ba000 	C:\WINDOWS\SYSTEM32\VERSION.dll
0x00007ff80a800000 - 0x00007ff80a809000 	C:\WINDOWS\SYSTEM32\WSOCK32.dll
0x00007ff81ad60000 - 0x00007ff81adcf000 	C:\WINDOWS\System32\WS2_32.dll
0x00007ff8169b0000 - 0x00007ff8169dd000 	C:\WINDOWS\SYSTEM32\winmmbase.dll
0x00007ff819e00000 - 0x00007ff819e4a000 	C:\WINDOWS\System32\cfgmgr32.dll
0x00007ff809170000 - 0x00007ff80917f000 	D:\android studio\jre\jre\bin\verify.dll
0x00007ff808200000 - 0x00007ff808229000 	D:\android studio\jre\jre\bin\java.dll
0x00007ff808080000 - 0x00007ff808096000 	D:\android studio\jre\jre\bin\zip.dll
0x00007ff81b080000 - 0x00007ff81b765000 	C:\WINDOWS\System32\SHELL32.dll
0x00007ff81a050000 - 0x00007ff81a0f9000 	C:\WINDOWS\System32\shcore.dll
0x00007ff8194e0000 - 0x00007ff819c5f000 	C:\WINDOWS\System32\windows.storage.dll
0x00007ff818e20000 - 0x00007ff818e3f000 	C:\WINDOWS\System32\profapi.dll
0x00007ff818e60000 - 0x00007ff818eaa000 	C:\WINDOWS\System32\powrprof.dll
0x00007ff818e10000 - 0x00007ff818e20000 	C:\WINDOWS\System32\UMPDC.dll
0x00007ff81be30000 - 0x00007ff81be82000 	C:\WINDOWS\System32\shlwapi.dll
0x00007ff818e40000 - 0x00007ff818e51000 	C:\WINDOWS\System32\kernel.appcore.dll
0x00007ff819ef0000 - 0x00007ff819f07000 	C:\WINDOWS\System32\cryptsp.dll
0x00007ff807f90000 - 0x00007ff807faa000 	D:\android studio\jre\jre\bin\net.dll
0x00007ff818650000 - 0x00007ff8186b7000 	C:\WINDOWS\system32\mswsock.dll
0x00007ff807f70000 - 0x00007ff807f81000 	D:\android studio\jre\jre\bin\nio.dll
0x00007ff801c90000 - 0x00007ff801cb6000 	C:\Users\CH\.gradle\native\29\windows-amd64\native-platform.dll
0x00007ff8090f0000 - 0x00007ff8090fd000 	D:\android studio\jre\jre\bin\management.dll
0x00007ff8181c0000 - 0x00007ff8181f3000 	C:\WINDOWS\system32\rsaenh.dll
0x00007ff818ed0000 - 0x00007ff818ef6000 	C:\WINDOWS\System32\bcrypt.dll
0x00007ff818d00000 - 0x00007ff818d25000 	C:\WINDOWS\SYSTEM32\USERENV.dll
0x00007ff818820000 - 0x00007ff81882c000 	C:\WINDOWS\SYSTEM32\CRYPTBASE.dll
0x00007ff818360000 - 0x00007ff81839a000 	C:\WINDOWS\SYSTEM32\IPHLPAPI.DLL
0x00007ff81a6e0000 - 0x00007ff81a6e8000 	C:\WINDOWS\System32\NSI.dll
0x00007ff80fe50000 - 0x00007ff80fe66000 	C:\WINDOWS\SYSTEM32\dhcpcsvc6.DLL
0x00007ff80fe30000 - 0x00007ff80fe4c000 	C:\WINDOWS\SYSTEM32\dhcpcsvc.DLL
0x00007ff8183a0000 - 0x00007ff81846a000 	C:\WINDOWS\SYSTEM32\DNSAPI.dll

VM Arguments:
jvm_args: -Xmx1536m -Dfile.encoding=GBK -Duser.country=CN -Duser.language=zh -Duser.variant 
java_command: org.gradle.launcher.daemon.bootstrap.GradleDaemon 5.4.1
java_class_path (initial): C:\Users\CH\.gradle\wrapper\dists\gradle-5.4.1-all\3221gyojl5jsh0helicew7rwx\gradle-5.4.1\lib\gradle-launcher-5.4.1.jar
Launcher Type: SUN_STANDARD

Environment Variables:
PATH=C:\WINDOWS\system32;C:\WINDOWS;C:\WINDOWS\System32\Wbem;C:\WINDOWS\System32\WindowsPowerShell\v1.0\;C:\WINDOWS\System32\OpenSSH\;C:\Program Files (x86)\NVIDIA Corporation\PhysX\Common;C:\Program Files\NVIDIA Corporation\NVIDIA NvDLISR;D:\Git\cmd;C:\php;C:\Apache24;C:\Apache24\bin;C:\Users\CH\AppData\Local\Microsoft\WindowsApps;
USERNAME=CH
OS=Windows_NT
PROCESSOR_IDENTIFIER=Intel64 Family 6 Model 158 Stepping 10, GenuineIntel



---------------  S Y S T E M  ---------------

OS: Windows 10.0 , 64 bit Build 18362 (10.0.18362.329)

CPU:total 6 (initial active 6) (6 cores per cpu, 1 threads per core) family 6 model 158 stepping 10, cmov, cx8, fxsr, mmx, sse, sse2, sse3, ssse3, sse4.1, sse4.2, popcnt, avx, avx2, aes, clmul, erms, 3dnowpref, lzcnt, tsc, tscinvbit, bmi1, bmi2, adx

Memory: 4k page, physical 8307520k(213492k free), swap 22776260k(3760k free)

vm_info: OpenJDK 64-Bit Server VM (25.202-b03) for windows-amd64 JRE (1.8.0_202-release-1483-b03), built by "builder" with MS VC++ 10.0 (VS2010)

time: Wed Feb 12 18:55:19 2020
timezone: 中国标准时间
elapsed time: 9 seconds (0d 0h 0m 9s)

