#
# There is insufficient memory for the Java Runtime Environment to continue.
# Native memory allocation (malloc) failed to allocate 1520816 bytes for Chunk::new
# Possible reasons:
#   The system is out of physical RAM or swap space
#   The process is running with CompressedOops enabled, and the Java Heap may be blocking the growth of the native heap
# Possible solutions:
#   Reduce memory load on the system
#   Increase physical memory or swap space
#   Check if swap backing store is full
#   Decrease Java heap size (-Xmx/-Xms)
#   Decrease number of Java threads
#   Decrease Java thread stack sizes (-Xss)
#   Set larger code cache with -XX:ReservedCodeCacheSize=
#   JVM is running with Unscaled Compressed Oops mode in which the Java heap is
#     placed in the first 4GB address space. The Java Heap base address is the
#     maximum limit for the native heap growth. Please use -XX:HeapBaseMinAddress
#     to set the Java Heap base and to place the Java Heap above 4GB virtual address.
# This output file may be truncated or incomplete.
#
#  Out of Memory Error (allocation.cpp:389), pid=14240, tid=0x00000000000046a4
#
# JRE version: OpenJDK Runtime Environment (8.0_202-b03) (build 1.8.0_202-release-1483-b03)
# Java VM: OpenJDK 64-Bit Server VM (25.202-b03 mixed mode windows-amd64 compressed oops)
# Failed to write core dump. Minidumps are not enabled by default on client versions of Windows
#

---------------  T H R E A D  ---------------

Current thread (0x000000001a75d800):  JavaThread "C2 CompilerThread1" daemon [_thread_in_native, id=18084, stack(0x000000001afd0000,0x000000001b0d0000)]

Stack: [0x000000001afd0000,0x000000001b0d0000]
[error occurred during error reporting (printing stack bounds), id 0xc0000005]

Native frames: (J=compiled Java code, j=interpreted, Vv=VM code, C=native code)


Current CompileTask:
C2:  27152 13491       4       com.android.ide.common.resources.ResourceMergerItem::getDetailsXml (9 bytes)


---------------  P R O C E S S  ---------------

Java Threads: ( => current thread )
  0x0000000020ade800 JavaThread "stdout" [_thread_in_native, id=20004, stack(0x000000002b340000,0x000000002b440000)]
  0x0000000020ae0800 JavaThread "stderr" [_thread_in_native, id=6476, stack(0x000000002b240000,0x000000002b340000)]
  0x0000000020ae2000 JavaThread "stdout" [_thread_in_native, id=19256, stack(0x000000002b140000,0x000000002b240000)]
  0x0000000020add000 JavaThread "stderr" [_thread_in_native, id=15020, stack(0x000000002b040000,0x000000002b140000)]
  0x0000000020add800 JavaThread "stdout" [_thread_in_native, id=16928, stack(0x000000002af40000,0x000000002b040000)]
  0x0000000020adc000 JavaThread "stderr" [_thread_in_native, id=18944, stack(0x000000002ae40000,0x000000002af40000)]
  0x0000000020ae0000 JavaThread "stdout" [_thread_in_native, id=21972, stack(0x000000002ad40000,0x000000002ae40000)]
  0x000000001dbcd800 JavaThread "stderr" [_thread_in_native, id=22436, stack(0x000000002ac40000,0x000000002ad40000)]
  0x000000001dbc5000 JavaThread "pool-3-thread-1" [_thread_blocked, id=16544, stack(0x000000002ab40000,0x000000002ac40000)]
  0x00000000218d0800 JavaThread "WorkerExecutor Queue Thread 9" [_thread_blocked, id=3556, stack(0x000000002aa40000,0x000000002ab40000)]
  0x00000000218cd800 JavaThread "MarlinRenderer Disposer" daemon [_thread_blocked, id=10176, stack(0x000000002a940000,0x000000002aa40000)]
  0x00000000218cc000 JavaThread "Java2D Disposer" daemon [_thread_blocked, id=16408, stack(0x000000002a840000,0x000000002a940000)]
  0x00000000218cb000 JavaThread "WorkerExecutor Queue Thread 8" [_thread_in_native, id=9496, stack(0x000000002a740000,0x000000002a840000)]
  0x00000000218cc800 JavaThread "WorkerExecutor Queue Thread 7" [_thread_blocked, id=19684, stack(0x000000002a640000,0x000000002a740000)]
  0x00000000218ce000 JavaThread "WorkerExecutor Queue Thread 6" [_thread_blocked, id=4440, stack(0x000000002a540000,0x000000002a640000)]
  0x00000000218c9800 JavaThread "WorkerExecutor Queue Thread 5" [_thread_blocked, id=9780, stack(0x000000002a440000,0x000000002a540000)]
  0x000000001c665800 JavaThread "WorkerExecutor Queue Thread 4" [_thread_blocked, id=17084, stack(0x000000002a340000,0x000000002a440000)]
  0x000000001c66a000 JavaThread "WorkerExecutor Queue Thread 3" [_thread_blocked, id=12676, stack(0x000000002a240000,0x000000002a340000)]
  0x000000001c669800 JavaThread "WorkerExecutor Queue Thread 2" [_thread_blocked, id=21384, stack(0x000000002a140000,0x000000002a240000)]
  0x000000001c667000 JavaThread "WorkerExecutor Queue" [_thread_blocked, id=11416, stack(0x000000002a040000,0x000000002a140000)]
  0x000000001dbc6800 JavaThread "Cache worker for execution history cache (D:\Chrome\findex2\.gradle\5.4.1\executionHistory)" [_thread_blocked, id=20156, stack(0x0000000029f40000,0x000000002a040000)]
  0x000000001dbc8000 JavaThread "Execution worker for ':' Thread 7" [_thread_blocked, id=4404, stack(0x0000000029e40000,0x0000000029f40000)]
  0x000000001dbc6000 JavaThread "Execution worker for ':' Thread 6" [_thread_blocked, id=18392, stack(0x0000000029d40000,0x0000000029e40000)]
  0x000000001dbc4800 JavaThread "Execution worker for ':' Thread 5" [_thread_blocked, id=4000, stack(0x0000000029c40000,0x0000000029d40000)]
  0x000000001dbc1800 JavaThread "Execution worker for ':' Thread 4" [_thread_blocked, id=14068, stack(0x0000000029b40000,0x0000000029c40000)]
  0x000000001dbc0800 JavaThread "Execution worker for ':' Thread 3" [_thread_blocked, id=21428, stack(0x0000000029a40000,0x0000000029b40000)]
  0x000000001dbbf000 JavaThread "Execution worker for ':' Thread 2" [_thread_blocked, id=15352, stack(0x0000000029940000,0x0000000029a40000)]
  0x000000001dbc3800 JavaThread "Execution worker for ':'" [_thread_blocked, id=13560, stack(0x0000000029840000,0x0000000029940000)]
  0x0000000020d7e800 JavaThread "Cache worker for file content cache (D:\Chrome\findex2\.gradle\5.4.1\fileContent)" [_thread_blocked, id=14680, stack(0x0000000029740000,0x0000000029840000)]
  0x0000000020d7a000 JavaThread "Cache worker for file content cache (C:\Users\Administrator\.gradle\caches\5.4.1\fileContent)" [_thread_blocked, id=18900, stack(0x0000000029640000,0x0000000029740000)]
  0x0000000020d7b000 JavaThread "Cache worker for Build Output Cleanup Cache (D:\Chrome\findex2\.gradle\buildOutputCleanup)" [_thread_blocked, id=19828, stack(0x0000000029540000,0x0000000029640000)]
  0x0000000020d81000 JavaThread "pool-2-thread-1" [_thread_blocked, id=21652, stack(0x0000000029440000,0x0000000029540000)]
  0x0000000020d80000 JavaThread "Build operations Thread 8" [_thread_blocked, id=19772, stack(0x0000000029340000,0x0000000029440000)]
  0x0000000020d7f800 JavaThread "Build operations Thread 7" [_thread_blocked, id=14236, stack(0x0000000029240000,0x0000000029340000)]
  0x0000000020d7e000 JavaThread "Build operations Thread 6" [_thread_blocked, id=13948, stack(0x0000000029140000,0x0000000029240000)]
  0x0000000020d76800 JavaThread "Build operations Thread 5" [_thread_blocked, id=18256, stack(0x0000000029040000,0x0000000029140000)]
  0x0000000020d7c800 JavaThread "Build operations Thread 4" [_thread_blocked, id=21692, stack(0x0000000028f40000,0x0000000029040000)]
  0x0000000020d7b800 JavaThread "Build operations Thread 3" [_thread_blocked, id=13388, stack(0x0000000028e40000,0x0000000028f40000)]
  0x0000000020d79800 JavaThread "Build operations Thread 2" [_thread_blocked, id=11948, stack(0x0000000028d40000,0x0000000028e40000)]
  0x0000000020d7d000 JavaThread "Build operations" [_thread_blocked, id=1044, stack(0x0000000028c40000,0x0000000028d40000)]
  0x0000000020d73800 JavaThread "Cache worker for cache directory md-rule (C:\Users\Administrator\.gradle\caches\5.4.1\md-rule)" [_thread_blocked, id=5624, stack(0x0000000028b40000,0x0000000028c40000)]
  0x0000000020d72800 JavaThread "Cache worker for cache directory md-supplier (C:\Users\Administrator\.gradle\caches\5.4.1\md-supplier)" [_thread_blocked, id=2288, stack(0x0000000028a40000,0x0000000028b40000)]
  0x0000000020d75800 JavaThread "Cache worker for file hash cache (D:\Chrome\findex2\.gradle\5.4.1\fileHashes)" [_thread_blocked, id=17984, stack(0x0000000028940000,0x0000000028a40000)]
  0x0000000020d74000 JavaThread "Thread-38" [_thread_blocked, id=7492, stack(0x0000000028840000,0x0000000028940000)]
  0x0000000020d72000 JavaThread "Stdin handler" [_thread_blocked, id=9704, stack(0x0000000028740000,0x0000000028840000)]
  0x0000000020d77000 JavaThread "Asynchronous log dispatcher for DefaultDaemonConnection: socket connection from /127.0.0.1:50607 to /127.0.0.1:50620" [_thread_blocked, id=10212, stack(0x0000000028640000,0x0000000028740000)]
  0x0000000020d75000 JavaThread "Cancel handler" [_thread_blocked, id=22172, stack(0x0000000028540000,0x0000000028640000)]
  0x0000000020d78800 JavaThread "Handler for socket connection from /127.0.0.1:50607 to /127.0.0.1:50620" [_thread_in_native, id=17272, stack(0x0000000028440000,0x0000000028540000)]
  0x000000001dbc9800 JavaThread "Memory manager" [_thread_blocked, id=13572, stack(0x0000000027340000,0x0000000027440000)]
  0x000000001dbc0000 JavaThread "Cache worker for execution history cache (C:\Users\Administrator\.gradle\caches\5.4.1\executionHistory)" [_thread_blocked, id=4432, stack(0x0000000022de0000,0x0000000022ee0000)]
  0x000000001c668800 JavaThread "Cache worker for journal cache (C:\Users\Administrator\.gradle\caches\journal-1)" [_thread_blocked, id=1636, stack(0x000000001ee20000,0x000000001ef20000)]
  0x000000001c664000 JavaThread "File lock request listener" [_thread_in_native, id=18188, stack(0x000000001ed20000,0x000000001ee20000)]
  0x000000001cdc8800 JavaThread "Cache worker for file hash cache (C:\Users\Administrator\.gradle\caches\5.4.1\fileHashes)" [_thread_blocked, id=3436, stack(0x000000001ec20000,0x000000001ed20000)]
  0x000000001c3d4000 JavaThread "Daemon worker" [_thread_blocked, id=14464, stack(0x000000001e720000,0x000000001e820000)]
  0x000000001cc43800 JavaThread "Daemon" [_thread_blocked, id=20560, stack(0x000000001e220000,0x000000001e320000)]
  0x000000001ce2c800 JavaThread "Daemon periodic checks" [_thread_blocked, id=18712, stack(0x000000001e120000,0x000000001e220000)]
  0x000000001cb70000 JavaThread "Incoming local TCP Connector on port 50607" [_thread_in_native, id=17784, stack(0x000000001df80000,0x000000001e080000)]
  0x000000001c21b000 JavaThread "Daemon health stats" [_thread_blocked, id=16440, stack(0x000000001cca0000,0x000000001cda0000)]
  0x000000001a7fb000 JavaThread "Service Thread" daemon [_thread_blocked, id=16404, stack(0x000000001b2d0000,0x000000001b3d0000)]
  0x000000001a76a000 JavaThread "C1 CompilerThread3" daemon [_thread_blocked, id=15988, stack(0x000000001b1d0000,0x000000001b2d0000)]
  0x000000001a766000 JavaThread "C2 CompilerThread2" daemon [_thread_blocked, id=16124, stack(0x000000001b0d0000,0x000000001b1d0000)]
=>0x000000001a75d800 JavaThread "C2 CompilerThread1" daemon [_thread_in_native, id=18084, stack(0x000000001afd0000,0x000000001b0d0000)]
  0x000000001a75b800 JavaThread "C2 CompilerThread0" daemon [_thread_in_native, id=12772, stack(0x000000001aed0000,0x000000001afd0000)]
  0x000000001a75a000 JavaThread "Attach Listener" daemon [_thread_blocked, id=300, stack(0x000000001add0000,0x000000001aed0000)]
  0x000000001a708000 JavaThread "Signal Dispatcher" daemon [_thread_blocked, id=18088, stack(0x000000001acd0000,0x000000001add0000)]
  0x0000000004b49800 JavaThread "Finalizer" daemon [_thread_blocked, id=15364, stack(0x000000001abd0000,0x000000001acd0000)]
  0x0000000004b46000 JavaThread "Reference Handler" daemon [_thread_blocked, id=6572, stack(0x000000001aad0000,0x000000001abd0000)]
  0x00000000046cd800 JavaThread "main" [_thread_blocked, id=20732, stack(0x0000000004550000,0x0000000004650000)]

Other Threads:
  0x0000000018909000 VMThread [stack: 0x000000001a5d0000,0x000000001a6d0000] [id=21324]
  0x000000001a7fc000 WatcherThread [stack: 0x000000001b3d0000,0x000000001b4d0000] [id=17592]

VM state:not at safepoint (normal execution)

VM Mutex/Monitor currently owned by a thread:  ([mutex/lock_event])
[0x00000000046ccb00] Threads_lock - owner thread: 0x00000000218cb000

heap address: 0x00000000a0000000, size: 1536 MB, Compressed Oops mode: 32-bit
Narrow klass base: 0x0000000000000000, Narrow klass shift: 3
Compressed class space size: 1073741824 Address: 0x0000000100000000

Heap:
 PSYoungGen      total 285696K, used 68270K [0x00000000e0000000, 0x00000000f5300000, 0x0000000100000000)
  eden space 234496K, 25% used [0x00000000e0000000,0x00000000e3b1f398,0x00000000ee500000)
  from space 51200K, 15% used [0x00000000f2100000,0x00000000f288c540,0x00000000f5300000)
  to   space 56320K, 0% used [0x00000000ee500000,0x00000000ee500000,0x00000000f1c00000)
 ParOldGen       total 297984K, used 117449K [0x00000000a0000000, 0x00000000b2300000, 0x00000000e0000000)
  object space 297984K, 39% used [0x00000000a0000000,0x00000000a72b26e0,0x00000000b2300000)
 Metaspace       used 76870K, capacity 79888K, committed 80088K, reserved 1118208K
  class space    used 9804K, capacity 10482K, committed 10496K, reserved 1048576K

Card table byte_map: [0x0000000013f10000,0x0000000014220000] byte_map_base: 0x0000000013a10000

Marking Bits: (ParMarkBitMap*) 0x0000000054539f30
 Begin Bits: [0x0000000014c20000, 0x0000000016420000)
 End Bits:   [0x0000000016420000, 0x0000000017c20000)

Polling page: 0x00000000003e0000

CodeCache: size=245760Kb used=37341Kb max_used=37916Kb free=208418Kb
 bounds [0x0000000004b50000, 0x0000000007090000, 0x0000000013b50000]
 total_blobs=12221 nmethods=11293 adapters=840
 compilation: enabled

Compilation events (10 events):
Event: 27.124 Thread 0x000000001a766000 13502       4       java.lang.Character::isSurrogate (18 bytes)
Event: 27.124 Thread 0x000000001a766000 nmethod 13502 0x0000000005baffd0 code [0x0000000005bb0100, 0x0000000005bb0158]
Event: 27.124 Thread 0x000000001a766000 13515       4       java.io.ObjectOutputStream$ReplaceTable::lookup (24 bytes)
Event: 27.127 Thread 0x000000001a766000 nmethod 13515 0x00000000061a12d0 code [0x00000000061a1420, 0x00000000061a1688]
Event: 27.127 Thread 0x000000001a766000 13524   !   4       java.io.ObjectStreamClass::newInstance (140 bytes)
Event: 27.131 Thread 0x000000001a766000 nmethod 13524 0x0000000004eb3c50 code [0x0000000004eb3de0, 0x0000000004eb41c8]
Event: 27.131 Thread 0x000000001a766000 13532   !   4       java.io.ObjectInputStream::readObject (130 bytes)
Event: 27.144 Thread 0x000000001a766000 nmethod 13532 0x0000000006145210 code [0x00000000061453c0, 0x0000000006145e08]
Event: 27.144 Thread 0x000000001a766000 13468       4       com.sun.org.apache.xerces.internal.dom.ChildNode::previousSibling (16 bytes)
Event: 27.145 Thread 0x000000001a766000 nmethod 13468 0x00000000060be090 code [0x00000000060be1c0, 0x00000000060be238]

GC Heap History (10 events):
Event: 23.231 GC heap before
{Heap before GC invocations=17 (full 3):
 PSYoungGen      total 178688K, used 178672K [0x00000000e0000000, 0x00000000ef000000, 0x0000000100000000)
  eden space 149504K, 100% used [0x00000000e0000000,0x00000000e9200000,0x00000000e9200000)
  from space 29184K, 99% used [0x00000000e9200000,0x00000000eae7c070,0x00000000eae80000)
  to   space 38912K, 0% used [0x00000000eca00000,0x00000000eca00000,0x00000000ef000000)
 ParOldGen       total 297984K, used 65395K [0x00000000a0000000, 0x00000000b2300000, 0x00000000e0000000)
  object space 297984K, 21% used [0x00000000a0000000,0x00000000a3fdcfd0,0x00000000b2300000)
 Metaspace       used 70762K, capacity 73630K, committed 73816K, reserved 1114112K
  class space    used 9170K, capacity 9809K, committed 9856K, reserved 1048576K
Event: 23.254 GC heap after
Heap after GC invocations=17 (full 3):
 PSYoungGen      total 197120K, used 38880K [0x00000000e0000000, 0x00000000f0080000, 0x0000000100000000)
  eden space 158208K, 0% used [0x00000000e0000000,0x00000000e0000000,0x00000000e9a80000)
  from space 38912K, 99% used [0x00000000eca00000,0x00000000eeff82b8,0x00000000ef000000)
  to   space 48640K, 0% used [0x00000000e9a80000,0x00000000e9a80000,0x00000000eca00000)
 ParOldGen       total 297984K, used 76611K [0x00000000a0000000, 0x00000000b2300000, 0x00000000e0000000)
  object space 297984K, 25% used [0x00000000a0000000,0x00000000a4ad0f70,0x00000000b2300000)
 Metaspace       used 70762K, capacity 73630K, committed 73816K, reserved 1114112K
  class space    used 9170K, capacity 9809K, committed 9856K, reserved 1048576K
}
Event: 23.454 GC heap before
{Heap before GC invocations=18 (full 3):
 PSYoungGen      total 197120K, used 197088K [0x00000000e0000000, 0x00000000f0080000, 0x0000000100000000)
  eden space 158208K, 100% used [0x00000000e0000000,0x00000000e9a80000,0x00000000e9a80000)
  from space 38912K, 99% used [0x00000000eca00000,0x00000000eeff82b8,0x00000000ef000000)
  to   space 48640K, 0% used [0x00000000e9a80000,0x00000000e9a80000,0x00000000eca00000)
 ParOldGen       total 297984K, used 76611K [0x00000000a0000000, 0x00000000b2300000, 0x00000000e0000000)
  object space 297984K, 25% used [0x00000000a0000000,0x00000000a4ad0f70,0x00000000b2300000)
 Metaspace       used 72995K, capacity 75992K, committed 76120K, reserved 1116160K
  class space    used 9405K, capacity 10076K, committed 10112K, reserved 1048576K
Event: 23.475 GC heap after
Heap after GC invocations=18 (full 3):
 PSYoungGen      total 206848K, used 37964K [0x00000000e0000000, 0x00000000f2a80000, 0x0000000100000000)
  eden space 158208K, 0% used [0x00000000e0000000,0x00000000e0000000,0x00000000e9a80000)
  from space 48640K, 78% used [0x00000000e9a80000,0x00000000ebf932b0,0x00000000eca00000)
  to   space 52224K, 0% used [0x00000000ef780000,0x00000000ef780000,0x00000000f2a80000)
 ParOldGen       total 297984K, used 87575K [0x00000000a0000000, 0x00000000b2300000, 0x00000000e0000000)
  object space 297984K, 29% used [0x00000000a0000000,0x00000000a5585e00,0x00000000b2300000)
 Metaspace       used 72995K, capacity 75992K, committed 76120K, reserved 1116160K
  class space    used 9405K, capacity 10076K, committed 10112K, reserved 1048576K
}
Event: 23.670 GC heap before
{Heap before GC invocations=19 (full 3):
 PSYoungGen      total 206848K, used 196172K [0x00000000e0000000, 0x00000000f2a80000, 0x0000000100000000)
  eden space 158208K, 100% used [0x00000000e0000000,0x00000000e9a80000,0x00000000e9a80000)
  from space 48640K, 78% used [0x00000000e9a80000,0x00000000ebf932b0,0x00000000eca00000)
  to   space 52224K, 0% used [0x00000000ef780000,0x00000000ef780000,0x00000000f2a80000)
 ParOldGen       total 297984K, used 87575K [0x00000000a0000000, 0x00000000b2300000, 0x00000000e0000000)
  object space 297984K, 29% used [0x00000000a0000000,0x00000000a5585f70,0x00000000b2300000)
 Metaspace       used 73121K, capacity 76068K, committed 76376K, reserved 1116160K
  class space    used 9406K, capacity 10078K, committed 10112K, reserved 1048576K
Event: 23.698 GC heap after
Heap after GC invocations=19 (full 3):
 PSYoungGen      total 247808K, used 45764K [0x00000000e0000000, 0x00000000f4300000, 0x0000000100000000)
  eden space 195584K, 0% used [0x00000000e0000000,0x00000000e0000000,0x00000000ebf00000)
  from space 52224K, 87% used [0x00000000ef780000,0x00000000f24312b0,0x00000000f2a80000)
  to   space 57856K, 0% used [0x00000000ebf00000,0x00000000ebf00000,0x00000000ef780000)
 ParOldGen       total 297984K, used 87583K [0x00000000a0000000, 0x00000000b2300000, 0x00000000e0000000)
  object space 297984K, 29% used [0x00000000a0000000,0x00000000a5587f70,0x00000000b2300000)
 Metaspace       used 73121K, capacity 76068K, committed 76376K, reserved 1116160K
  class space    used 9406K, capacity 10078K, committed 10112K, reserved 1048576K
}
Event: 24.432 GC heap before
{Heap before GC invocations=20 (full 3):
 PSYoungGen      total 247808K, used 241348K [0x00000000e0000000, 0x00000000f4300000, 0x0000000100000000)
  eden space 195584K, 100% used [0x00000000e0000000,0x00000000ebf00000,0x00000000ebf00000)
  from space 52224K, 87% used [0x00000000ef780000,0x00000000f24312b0,0x00000000f2a80000)
  to   space 57856K, 0% used [0x00000000ebf00000,0x00000000ebf00000,0x00000000ef780000)
 ParOldGen       total 297984K, used 87586K [0x00000000a0000000, 0x00000000b2300000, 0x00000000e0000000)
  object space 297984K, 29% used [0x00000000a0000000,0x00000000a5588818,0x00000000b2300000)
 Metaspace       used 73396K, capacity 76388K, committed 76632K, reserved 1116160K
  class space    used 9416K, capacity 10078K, committed 10112K, reserved 1048576K
Event: 24.450 GC heap after
Heap after GC invocations=20 (full 3):
 PSYoungGen      total 253440K, used 30931K [0x00000000e0000000, 0x00000000f5800000, 0x0000000100000000)
  eden space 195584K, 0% used [0x00000000e0000000,0x00000000e0000000,0x00000000ebf00000)
  from space 57856K, 53% used [0x00000000ebf00000,0x00000000edd34db8,0x00000000ef780000)
  to   space 56320K, 0% used [0x00000000f2100000,0x00000000f2100000,0x00000000f5800000)
 ParOldGen       total 297984K, used 105816K [0x00000000a0000000, 0x00000000b2300000, 0x00000000e0000000)
  object space 297984K, 35% used [0x00000000a0000000,0x00000000a67561c8,0x00000000b2300000)
 Metaspace       used 73396K, capacity 76388K, committed 76632K, reserved 1116160K
  class space    used 9416K, capacity 10078K, committed 10112K, reserved 1048576K
}
Event: 26.902 GC heap before
{Heap before GC invocations=21 (full 3):
 PSYoungGen      total 253440K, used 226515K [0x00000000e0000000, 0x00000000f5800000, 0x0000000100000000)
  eden space 195584K, 100% used [0x00000000e0000000,0x00000000ebf00000,0x00000000ebf00000)
  from space 57856K, 53% used [0x00000000ebf00000,0x00000000edd34db8,0x00000000ef780000)
  to   space 56320K, 0% used [0x00000000f2100000,0x00000000f2100000,0x00000000f5800000)
 ParOldGen       total 297984K, used 105816K [0x00000000a0000000, 0x00000000b2300000, 0x00000000e0000000)
  object space 297984K, 35% used [0x00000000a0000000,0x00000000a67561c8,0x00000000b2300000)
 Metaspace       used 76604K, capacity 79650K, committed 79832K, reserved 1118208K
  class space    used 9770K, capacity 10437K, committed 10496K, reserved 1048576K
Event: 26.913 GC heap after
Heap after GC invocations=21 (full 3):
 PSYoungGen      total 285696K, used 7729K [0x00000000e0000000, 0x00000000f5300000, 0x0000000100000000)
  eden space 234496K, 0% used [0x00000000e0000000,0x00000000e0000000,0x00000000ee500000)
  from space 51200K, 15% used [0x00000000f2100000,0x00000000f288c540,0x00000000f5300000)
  to   space 56320K, 0% used [0x00000000ee500000,0x00000000ee500000,0x00000000f1c00000)
 ParOldGen       total 297984K, used 117449K [0x00000000a0000000, 0x00000000b2300000, 0x00000000e0000000)
  object space 297984K, 39% used [0x00000000a0000000,0x00000000a72b26e0,0x00000000b2300000)
 Metaspace       used 76604K, capacity 79650K, committed 79832K, reserved 1118208K
  class space    used 9770K, capacity 10437K, committed 10496K, reserved 1048576K
}

Deoptimization events (10 events):
Event: 26.972 Thread 0x000000001dbbf000 Uncommon trap: reason=unstable_if action=reinterpret pc=0x0000000005d2d99c method=com.android.utils.XmlUtils.toXmlAttributeValue(Ljava/lang/String;)Ljava/lang/String; @ 33
Event: 27.009 Thread 0x000000001dbbf000 Uncommon trap: reason=unstable_if action=reinterpret pc=0x0000000006e4f4dc method=com.android.utils.XmlUtils.append(Lcom/android/utils/XmlUtils$PositionAwareStringBuilder;Lorg/w3c/dom/Node;Ljava/util/Map;Ljava/util/Set;)V @ 540
Event: 27.011 Thread 0x000000001dbbf000 Uncommon trap: reason=class_check action=maybe_recompile pc=0x00000000070361a8 method=java.io.Writer.append(Ljava/lang/CharSequence;)Ljava/io/Writer; @ 20
Event: 27.013 Thread 0x000000001dbbf000 Uncommon trap: reason=unstable_if action=reinterpret pc=0x000000000701820c method=sun.nio.cs.UTF_8$Encoder.encodeArrayLoop(Ljava/nio/CharBuffer;Ljava/nio/ByteBuffer;)Ljava/nio/charset/CoderResult; @ 175
Event: 27.014 Thread 0x000000001dbbf000 Uncommon trap: reason=unstable_if action=reinterpret pc=0x0000000005d5a864 method=sun.nio.cs.UTF_8$Encoder.encodeArrayLoop(Ljava/nio/CharBuffer;Ljava/nio/ByteBuffer;)Ljava/nio/charset/CoderResult; @ 400
Event: 27.024 Thread 0x000000001dbbf000 Uncommon trap: reason=array_check action=maybe_recompile pc=0x0000000006c884c0 method=java.util.TimSort.binarySort([Ljava/lang/Object;IIILjava/util/Comparator;)V @ 193
Event: 27.024 Thread 0x000000001dbbf000 Uncommon trap: reason=array_check action=maybe_recompile pc=0x0000000006c8858c method=java.util.TimSort.binarySort([Ljava/lang/Object;IIILjava/util/Comparator;)V @ 183
Event: 27.025 Thread 0x000000001dbbf000 Uncommon trap: reason=array_check action=maybe_recompile pc=0x0000000006c884c0 method=java.util.TimSort.binarySort([Ljava/lang/Object;IIILjava/util/Comparator;)V @ 193
Event: 27.038 Thread 0x000000001dbbf000 Uncommon trap: reason=unstable_if action=reinterpret pc=0x0000000006d00674 method=java.io.ObjectStreamClass.hasWriteReplaceMethod()Z @ 8
Event: 27.043 Thread 0x000000001c665800 Uncommon trap: reason=unstable_if action=reinterpret pc=0x0000000006ef272c method=java.io.Bits.getBoolean([BI)Z @ 3

Classes redefined (0 events):
No events

Internal exceptions (10 events):
Event: 23.316 Thread 0x00000000218cb000 Exception <a 'java/io/FileNotFoundException'> (0x00000000e1cdce90) thrown at [D:\src\AOSP-openjdk-cygwin\jdk8u\hotspot\src\share\vm\prims\jni.cpp, line 710]
Event: 23.888 Thread 0x000000001dbbf000 Implicit null exception at 0x0000000004db3197 to 0x0000000004db34f5
Event: 23.894 Thread 0x000000001dbbf000 Implicit null exception at 0x0000000006c85eef to 0x0000000006c86505
Event: 25.548 Thread 0x000000001dbbf000 Implicit null exception at 0x0000000004e20a56 to 0x0000000004e20df1
Event: 25.618 Thread 0x000000001dbbf000 Implicit null exception at 0x0000000004d81a16 to 0x0000000004d81da9
Event: 27.009 Thread 0x000000001dbbf000 Implicit null exception at 0x0000000006e51cf9 to 0x0000000006e4f4bd
Event: 27.024 Thread 0x000000001dbbf000 Exception <a 'java/lang/NoSuchMethodError': <clinit>> (0x00000000e1382d28) thrown at [D:\src\AOSP-openjdk-cygwin\jdk8u\hotspot\src\share\vm\prims\jni.cpp, line 1614]
Event: 27.025 Thread 0x000000001dbbf000 Exception <a 'java/lang/NoSuchMethodError': <clinit>> (0x00000000e139e278) thrown at [D:\src\AOSP-openjdk-cygwin\jdk8u\hotspot\src\share\vm\prims\jni.cpp, line 1614]
Event: 27.025 Thread 0x000000001dbbf000 Exception <a 'java/lang/NoSuchMethodError': <clinit>> (0x00000000e13a3160) thrown at [D:\src\AOSP-openjdk-cygwin\jdk8u\hotspot\src\share\vm\prims\jni.cpp, line 1614]
Event: 27.026 Thread 0x000000001dbbf000 Exception <a 'java/lang/NoSuchMethodError': <clinit>> (0x00000000e13b3830) thrown at [D:\src\AOSP-openjdk-cygwin\jdk8u\hotspot\src\share\vm\prims\jni.cpp, line 1614]

Events (10 events):
Event: 27.086 loading class com/android/utils/GrabProcessOutput$2
Event: 27.086 loading class com/android/utils/GrabProcessOutput$2 done
Event: 27.086 Thread 0x000000001dbcd800 Thread added: 0x000000001dbcd800
Event: 27.086 Thread 0x0000000020ae0000 Thread added: 0x0000000020ae0000
Event: 27.097 Thread 0x0000000020adc000 Thread added: 0x0000000020adc000
Event: 27.097 Thread 0x0000000020add800 Thread added: 0x0000000020add800
Event: 27.115 Thread 0x0000000020add000 Thread added: 0x0000000020add000
Event: 27.115 Thread 0x0000000020ae2000 Thread added: 0x0000000020ae2000
Event: 27.133 Thread 0x0000000020ae0800 Thread added: 0x0000000020ae0800
Event: 27.133 Thread 0x0000000020ade800 Thread added: 0x0000000020ade800


Dynamic libraries:
0x00007ff74b1f0000 - 0x00007ff74b221000 	D:\android studio\jre\bin\java.exe
0x00007ffedb4e0000 - 0x00007ffedb6c0000 	C:\windows\SYSTEM32\ntdll.dll
0x00007ffed92e0000 - 0x00007ffed938e000 	C:\windows\System32\KERNEL32.DLL
0x00007ffed7620000 - 0x00007ffed7886000 	C:\windows\System32\KERNELBASE.dll
0x00007ffed9040000 - 0x00007ffed90e1000 	C:\windows\System32\ADVAPI32.dll
0x00007ffed9240000 - 0x00007ffed92dd000 	C:\windows\System32\msvcrt.dll
0x00007ffed8980000 - 0x00007ffed89db000 	C:\windows\System32\sechost.dll
0x00007ffed9390000 - 0x00007ffed94af000 	C:\windows\System32\RPCRT4.dll
0x00007ffed9700000 - 0x00007ffed988f000 	C:\windows\System32\USER32.dll
0x00007ffed7a60000 - 0x00007ffed7a80000 	C:\windows\System32\win32u.dll
0x00007ffed89e0000 - 0x00007ffed8a08000 	C:\windows\System32\GDI32.dll
0x00007ffed84a0000 - 0x00007ffed8633000 	C:\windows\System32\gdi32full.dll
0x00007ffed7cb0000 - 0x00007ffed7d4b000 	C:\windows\System32\msvcp_win.dll
0x00007ffed8640000 - 0x00007ffed8734000 	C:\windows\System32\ucrtbase.dll
0x00007ffecbef0000 - 0x00007ffecc159000 	C:\windows\WinSxS\amd64_microsoft.windows.common-controls_6595b64144ccf1df_6.0.16299.1087_none_0f9074b65a6589b7\COMCTL32.dll
0x00007ffed8d30000 - 0x00007ffed9036000 	C:\windows\System32\combase.dll
0x00007ffed7a80000 - 0x00007ffed7af2000 	C:\windows\System32\bcryptPrimitives.dll
0x00007ffed9b20000 - 0x00007ffed9b4d000 	C:\windows\System32\IMM32.DLL
0x0000000053c70000 - 0x0000000053d42000 	D:\android studio\jre\jre\bin\msvcr100.dll
0x0000000053d70000 - 0x00000000545b6000 	D:\android studio\jre\jre\bin\server\jvm.dll
0x00007ffed75f0000 - 0x00007ffed7613000 	C:\windows\System32\WINMM.dll
0x00007ffed7560000 - 0x00007ffed758a000 	C:\windows\System32\WINMMBASE.dll
0x00007ffed8740000 - 0x00007ffed878a000 	C:\windows\System32\cfgmgr32.dll
0x00007ffed94b0000 - 0x00007ffed94b8000 	C:\windows\System32\PSAPI.DLL
0x00007ffec89d0000 - 0x00007ffec89d9000 	C:\windows\SYSTEM32\WSOCK32.dll
0x00007ffed9b50000 - 0x00007ffed9bbc000 	C:\windows\System32\WS2_32.dll
0x00007ffed3020000 - 0x00007ffed302a000 	C:\windows\SYSTEM32\VERSION.dll
0x00007ffecb1b0000 - 0x00007ffecb1bf000 	D:\android studio\jre\jre\bin\verify.dll
0x00007ffec65e0000 - 0x00007ffec6609000 	D:\android studio\jre\jre\bin\java.dll
0x00007ffec65c0000 - 0x00007ffec65d6000 	D:\android studio\jre\jre\bin\zip.dll
0x00007ffed9bc0000 - 0x00007ffedaff8000 	C:\windows\System32\SHELL32.dll
0x00007ffed8b30000 - 0x00007ffed8bd6000 	C:\windows\System32\shcore.dll
0x00007ffed7d50000 - 0x00007ffed8497000 	C:\windows\System32\windows.storage.dll
0x00007ffed9690000 - 0x00007ffed96e1000 	C:\windows\System32\shlwapi.dll
0x00007ffed7590000 - 0x00007ffed75a1000 	C:\windows\System32\kernel.appcore.dll
0x00007ffed7bb0000 - 0x00007ffed7bfc000 	C:\windows\System32\powrprof.dll
0x00007ffed75d0000 - 0x00007ffed75eb000 	C:\windows\System32\profapi.dll
0x00007ffeaf340000 - 0x00007ffeaf35a000 	D:\android studio\jre\jre\bin\net.dll
0x00007ffed6d60000 - 0x00007ffed6dc6000 	C:\windows\system32\mswsock.dll
0x00007ffe9d080000 - 0x00007ffe9d091000 	D:\android studio\jre\jre\bin\nio.dll
0x00007ffe99a10000 - 0x00007ffe99a36000 	C:\Users\Administrator\.gradle\native\29\windows-amd64\native-platform.dll
0x00007ffec9960000 - 0x00007ffec996d000 	D:\android studio\jre\jre\bin\management.dll
0x00007ffed6f30000 - 0x00007ffed6f47000 	C:\windows\SYSTEM32\CRYPTSP.dll
0x00007ffed6960000 - 0x00007ffed6993000 	C:\windows\system32\rsaenh.dll
0x00007ffed7030000 - 0x00007ffed7055000 	C:\windows\SYSTEM32\bcrypt.dll
0x00007ffed7460000 - 0x00007ffed7489000 	C:\windows\SYSTEM32\USERENV.dll
0x00007ffed6f20000 - 0x00007ffed6f2b000 	C:\windows\SYSTEM32\CRYPTBASE.dll
0x00007ffed6af0000 - 0x00007ffed6b29000 	C:\windows\SYSTEM32\IPHLPAPI.DLL
0x00007ffed96f0000 - 0x00007ffed96f8000 	C:\windows\System32\NSI.dll
0x00007ffed2910000 - 0x00007ffed2926000 	C:\windows\SYSTEM32\dhcpcsvc6.DLL
0x00007ffed28f0000 - 0x00007ffed290a000 	C:\windows\SYSTEM32\dhcpcsvc.DLL
0x00007ffe98f60000 - 0x00007ffe990fc000 	D:\android studio\jre\jre\bin\awt.dll
0x00007ffed95c0000 - 0x00007ffed9684000 	C:\windows\System32\OLEAUT32.dll
0x00007ffed4e20000 - 0x00007ffed53d8000 	C:\windows\SYSTEM32\d2d1.dll
0x00007ffed5e80000 - 0x00007ffed5eaa000 	C:\windows\SYSTEM32\dwmapi.dll
0x00007ffed7890000 - 0x00007ffed7a5e000 	C:\windows\System32\CRYPT32.dll
0x00007ffed75b0000 - 0x00007ffed75c2000 	C:\windows\System32\MSASN1.dll
0x00007ffed5b60000 - 0x00007ffed5be8000 	C:\windows\SYSTEM32\apphelp.dll
0x00007ffed5d90000 - 0x00007ffed5e25000 	C:\windows\system32\uxtheme.dll

VM Arguments:
jvm_args: -Xmx1536m -Dfile.encoding=GBK -Duser.country=CN -Duser.language=zh -Duser.variant 
java_command: org.gradle.launcher.daemon.bootstrap.GradleDaemon 5.4.1
java_class_path (initial): C:\Users\Administrator\.gradle\wrapper\dists\gradle-5.4.1-all\3221gyojl5jsh0helicew7rwx\gradle-5.4.1\lib\gradle-launcher-5.4.1.jar
Launcher Type: SUN_STANDARD

Environment Variables:
PATH=C:\Program Files\Java\jdk1.8.0_181\bin;C:\ProgramData\DockerDesktop\version-bin;C:\Program Files\Docker\Docker\Resources\bin;D:\Python\Python37\Scripts\;D:\Python\Python37\;C:\windows\system32;C:\windows;C:\windows\System32\Wbem;C:\windows\System32\WindowsPowerShell\v1.0\;C:\Program Files (x86)\NVIDIA Corporation\PhysX\Common;C:\Program Files\TortoiseSVN\bin;C:\Program Files\NVIDIA Corporation\NVIDIA NvDLISR;D:\home\Redis\;D:\Git\cmd;C:\php;C:\Apache24;C:\Apache24\bin;C:\Users\Administrator\AppData\Local\Microsoft\WindowsApps;;D:\JETBrain\Python_professional\PyCharm 2019.2\bin;;D:\phpstorm\PhpStorm 2019.2.5\bin;;D:\JETBrain\Python\PyCharm Community Edition 2019.2\bin;
USERNAME=Administrator
OS=Windows_NT
PROCESSOR_IDENTIFIER=Intel64 Family 6 Model 158 Stepping 9, GenuineIntel



---------------  S Y S T E M  ---------------

OS: Windows 10.0 , 64 bit Build 16299 (10.0.16299.1087)

CPU:total 8 (initial active 8) (4 cores per cpu, 2 threads per core) family 6 model 158 stepping 9, cmov, cx8, fxsr, mmx, sse, sse2, sse3, ssse3, sse4.1, sse4.2, popcnt, avx, avx2, aes, clmul, erms, rtm, 3dnowpref, lzcnt, ht, tsc, tscinvbit, bmi1, bmi2, adx

Memory: 4k page, physical 16641964k(1257440k free), swap 25030572k(5928k free)

vm_info: OpenJDK 64-Bit Server VM (25.202-b03) for windows-amd64 JRE (1.8.0_202-release-1483-b03), built by "builder" with MS VC++ 10.0 (VS2010)

time: Thu Dec 19 01:28:28 2019
timezone: 中国标准时间
elapsed time: 27 seconds (0d 0h 0m 27s)

