#
# There is insufficient memory for the Java Runtime Environment to continue.
# Native memory allocation (malloc) failed to allocate 1007120 bytes for Chunk::new
# Possible reasons:
#   The system is out of physical RAM or swap space
#   The process is running with CompressedOops enabled, and the Java Heap may be blocking the growth of the native heap
# Possible solutions:
#   Reduce memory load on the system
#   Increase physical memory or swap space
#   Check if swap backing store is full
#   Decrease Java heap size (-Xmx/-Xms)
#   Decrease number of Java threads
#   Decrease Java thread stack sizes (-Xss)
#   Set larger code cache with -XX:ReservedCodeCacheSize=
#   JVM is running with Unscaled Compressed Oops mode in which the Java heap is
#     placed in the first 4GB address space. The Java Heap base address is the
#     maximum limit for the native heap growth. Please use -XX:HeapBaseMinAddress
#     to set the Java Heap base and to place the Java Heap above 4GB virtual address.
# This output file may be truncated or incomplete.
#
#  Out of Memory Error (allocation.cpp:389), pid=19880, tid=0x00000000000037bc
#
# JRE version: OpenJDK Runtime Environment (8.0_202-b03) (build 1.8.0_202-release-1483-b03)
# Java VM: OpenJDK 64-Bit Server VM (25.202-b03 mixed mode windows-amd64 compressed oops)
# Failed to write core dump. Minidumps are not enabled by default on client versions of Windows
#

---------------  T H R E A D  ---------------

Current thread (0x0000000018889000):  JavaThread "C2 CompilerThread1" daemon [_thread_in_native, id=14268, stack(0x000000001af80000,0x000000001b080000)]

Stack: [0x000000001af80000,0x000000001b080000]
[error occurred during error reporting (printing stack bounds), id 0xc0000005]

Native frames: (J=compiled Java code, j=interpreted, Vv=VM code, C=native code)


Current CompileTask:
C2:  14365 9564       4       com.android.utils.XmlUtils::append (639 bytes)


---------------  P R O C E S S  ---------------

Java Threads: ( => current thread )
  0x000000001d7be000 JavaThread "stdout" [_thread_in_native, id=16404, stack(0x000000002a590000,0x000000002a690000)]
  0x000000001d7bd800 JavaThread "stderr" [_thread_in_native, id=16956, stack(0x000000002a490000,0x000000002a590000)]
  0x000000001d7bc800 JavaThread "stdout" [_thread_in_native, id=84, stack(0x000000002a390000,0x000000002a490000)]
  0x000000001d7bc000 JavaThread "stderr" [_thread_in_native, id=11364, stack(0x000000002a290000,0x000000002a390000)]
  0x000000001d7c1000 JavaThread "stdout" [_thread_in_native, id=8600, stack(0x000000002a190000,0x000000002a290000)]
  0x000000001d7c2000 JavaThread "stderr" [_thread_in_native, id=10828, stack(0x000000002a090000,0x000000002a190000)]
  0x000000001d7c0800 JavaThread "stdout" [_thread_in_native, id=17316, stack(0x0000000029f90000,0x000000002a090000)]
  0x000000001d7bf000 JavaThread "stderr" [_thread_in_native, id=13248, stack(0x0000000029e90000,0x0000000029f90000)]
  0x000000001d7b6000 JavaThread "stdout" [_thread_in_native, id=19904, stack(0x0000000029b90000,0x0000000029c90000)]
  0x000000001d7b4800 JavaThread "stderr" [_thread_in_native, id=19732, stack(0x0000000029a90000,0x0000000029b90000)]
  0x000000001d7b5000 JavaThread "stdout" [_thread_in_native, id=1296, stack(0x0000000029990000,0x0000000029a90000)]
  0x000000001d7bb000 JavaThread "stderr" [_thread_in_native, id=5668, stack(0x0000000029890000,0x0000000029990000)]
  0x000000001d7b8000 JavaThread "stdout" [_thread_in_native, id=17188, stack(0x0000000029790000,0x0000000029890000)]
  0x000000001d7b3800 JavaThread "stderr" [_thread_in_native, id=20120, stack(0x0000000029690000,0x0000000029790000)]
  0x000000001d7ba800 JavaThread "WorkerExecutor Queue Thread 8" [_thread_blocked, id=6568, stack(0x0000000029590000,0x0000000029690000)]
  0x000000001d7b9800 JavaThread "WorkerExecutor Queue Thread 7" [_thread_blocked, id=15404, stack(0x0000000029490000,0x0000000029590000)]
  0x000000001d7b3000 JavaThread "WorkerExecutor Queue Thread 6" [_thread_blocked, id=19396, stack(0x0000000029390000,0x0000000029490000)]
  0x000000001d7b6800 JavaThread "WorkerExecutor Queue Thread 5" [_thread_blocked, id=16824, stack(0x0000000029290000,0x0000000029390000)]
  0x000000001d7b9000 JavaThread "pool-2-thread-1" [_thread_blocked, id=17732, stack(0x0000000029190000,0x0000000029290000)]
  0x000000001d7b7800 JavaThread "WorkerExecutor Queue Thread 4" [_thread_blocked, id=16356, stack(0x0000000029090000,0x0000000029190000)]
  0x000000001c2c9800 JavaThread "WorkerExecutor Queue Thread 3" [_thread_blocked, id=5188, stack(0x0000000028f90000,0x0000000029090000)]
  0x000000001c2c8800 JavaThread "WorkerExecutor Queue Thread 2" [_thread_blocked, id=11632, stack(0x0000000028e90000,0x0000000028f90000)]
  0x000000001c2c8000 JavaThread "WorkerExecutor Queue" [_thread_blocked, id=5552, stack(0x0000000028d90000,0x0000000028e90000)]
  0x000000001c2ce000 JavaThread "Cache worker for execution history cache (D:\Chrome\findex2\.gradle\5.4.1\executionHistory)" [_thread_blocked, id=14100, stack(0x0000000028890000,0x0000000028990000)]
  0x000000001c2cc800 JavaThread "Execution worker for ':' Thread 7" [_thread_in_native, id=13044, stack(0x0000000028690000,0x0000000028790000)]
  0x000000001c2cb800 JavaThread "Execution worker for ':' Thread 6" [_thread_blocked, id=8932, stack(0x0000000028590000,0x0000000028690000)]
  0x000000001c2cb000 JavaThread "Execution worker for ':' Thread 5" [_thread_blocked, id=20284, stack(0x0000000028490000,0x0000000028590000)]
  0x000000002322e000 JavaThread "Execution worker for ':' Thread 4" [_thread_in_native, id=6136, stack(0x0000000028390000,0x0000000028490000)]
  0x000000002322d800 JavaThread "Execution worker for ':' Thread 3" [_thread_in_native, id=11072, stack(0x0000000028290000,0x0000000028390000)]
  0x000000002322c800 JavaThread "Execution worker for ':' Thread 2" [_thread_in_native, id=12328, stack(0x0000000028190000,0x0000000028290000)]
  0x000000002322c000 JavaThread "Execution worker for ':'" [_thread_blocked, id=17592, stack(0x0000000026cc0000,0x0000000026dc0000)]
  0x000000002322a800 JavaThread "Cache worker for file content cache (D:\Chrome\findex2\.gradle\5.4.1\fileContent)" [_thread_blocked, id=13564, stack(0x00000000268c0000,0x00000000269c0000)]
  0x0000000023223000 JavaThread "Cache worker for file content cache (C:\Users\Administrator\.gradle\caches\5.4.1\fileContent)" [_thread_blocked, id=6016, stack(0x00000000267c0000,0x00000000268c0000)]
  0x0000000023227800 JavaThread "Memory manager" [_thread_blocked, id=5988, stack(0x00000000262c0000,0x00000000263c0000)]
  0x0000000023229800 JavaThread "Cache worker for Build Output Cleanup Cache (D:\Chrome\findex2\.gradle\buildOutputCleanup)" [_thread_blocked, id=6788, stack(0x0000000025530000,0x0000000025630000)]
  0x0000000023224800 JavaThread "pool-1-thread-1" [_thread_blocked, id=9640, stack(0x0000000025230000,0x0000000025330000)]
  0x0000000023228000 JavaThread "Build operations Thread 8" [_thread_blocked, id=19912, stack(0x0000000024d30000,0x0000000024e30000)]
  0x0000000023220000 JavaThread "Build operations Thread 7" [_thread_blocked, id=9176, stack(0x0000000024c30000,0x0000000024d30000)]
  0x000000002321f000 JavaThread "Build operations Thread 6" [_thread_blocked, id=15348, stack(0x0000000024b30000,0x0000000024c30000)]
  0x0000000023222000 JavaThread "Build operations Thread 5" [_thread_blocked, id=20228, stack(0x0000000024a30000,0x0000000024b30000)]
  0x0000000023220800 JavaThread "Build operations Thread 4" [_thread_blocked, id=19236, stack(0x00000000246c0000,0x00000000247c0000)]
  0x0000000023221800 JavaThread "Build operations Thread 3" [_thread_blocked, id=6484, stack(0x00000000245c0000,0x00000000246c0000)]
  0x0000000023225000 JavaThread "Build operations Thread 2" [_thread_blocked, id=8584, stack(0x00000000244c0000,0x00000000245c0000)]
  0x0000000023226000 JavaThread "Build operations" [_thread_blocked, id=18024, stack(0x00000000243c0000,0x00000000244c0000)]
  0x0000000023223800 JavaThread "Cache worker for execution history cache (C:\Users\Administrator\.gradle\caches\5.4.1\executionHistory)" [_thread_blocked, id=16084, stack(0x00000000242c0000,0x00000000243c0000)]
  0x000000001ce5a000 JavaThread "Cache worker for cache directory md-rule (C:\Users\Administrator\.gradle\caches\5.4.1\md-rule)" [_thread_blocked, id=19140, stack(0x00000000241c0000,0x00000000242c0000)]
  0x000000001ce59000 JavaThread "Cache worker for cache directory md-supplier (C:\Users\Administrator\.gradle\caches\5.4.1\md-supplier)" [_thread_blocked, id=17064, stack(0x0000000021630000,0x0000000021730000)]
  0x000000001ce5d800 JavaThread "Cache worker for file hash cache (D:\Chrome\findex2\.gradle\5.4.1\fileHashes)" [_thread_blocked, id=20388, stack(0x0000000021320000,0x0000000021420000)]
  0x000000001ce5c000 JavaThread "Cache worker for journal cache (C:\Users\Administrator\.gradle\caches\journal-1)" [_thread_blocked, id=18420, stack(0x000000001efc0000,0x000000001f0c0000)]
  0x000000001ce5d000 JavaThread "File lock request listener" [_thread_in_native, id=19108, stack(0x000000001eec0000,0x000000001efc0000)]
  0x000000001ce21800 JavaThread "Cache worker for file hash cache (C:\Users\Administrator\.gradle\caches\5.4.1\fileHashes)" [_thread_blocked, id=8896, stack(0x000000001ebc0000,0x000000001ecc0000)]
  0x000000001cd41800 JavaThread "Thread-9" [_thread_blocked, id=12356, stack(0x000000001eac0000,0x000000001ebc0000)]
  0x000000001cd3e800 JavaThread "Stdin handler" [_thread_blocked, id=20212, stack(0x000000001e9c0000,0x000000001eac0000)]
  0x000000001cd3e000 JavaThread "Asynchronous log dispatcher for DefaultDaemonConnection: socket connection from /127.0.0.1:55896 to /127.0.0.1:55897" [_thread_blocked, id=16808, stack(0x000000001e7c0000,0x000000001e8c0000)]
  0x000000001cd60000 JavaThread "Daemon worker" [_thread_blocked, id=15716, stack(0x000000001e6c0000,0x000000001e7c0000)]
  0x000000001cd96800 JavaThread "Cancel handler" [_thread_blocked, id=18384, stack(0x000000001e5c0000,0x000000001e6c0000)]
  0x000000001cd77800 JavaThread "Handler for socket connection from /127.0.0.1:55896 to /127.0.0.1:55897" [_thread_in_native, id=12544, stack(0x000000001e2c0000,0x000000001e3c0000)]
  0x000000001cd74800 JavaThread "Daemon" [_thread_blocked, id=20312, stack(0x000000001e1c0000,0x000000001e2c0000)]
  0x000000001ccd7800 JavaThread "Daemon periodic checks" [_thread_blocked, id=10348, stack(0x000000001e0c0000,0x000000001e1c0000)]
  0x000000001c6a4000 JavaThread "Incoming local TCP Connector on port 55896" [_thread_in_native, id=19852, stack(0x000000001df20000,0x000000001e020000)]
  0x000000001c07f800 JavaThread "Daemon health stats" [_thread_blocked, id=18664, stack(0x000000001dc20000,0x000000001dd20000)]
  0x000000001a79a000 JavaThread "Service Thread" daemon [_thread_blocked, id=17220, stack(0x000000001b280000,0x000000001b380000)]
  0x000000001a71b000 JavaThread "C1 CompilerThread3" daemon [_thread_blocked, id=4904, stack(0x000000001b180000,0x000000001b280000)]
  0x000000001888b000 JavaThread "C2 CompilerThread2" daemon [_thread_in_native, id=9092, stack(0x000000001b080000,0x000000001b180000)]
=>0x0000000018889000 JavaThread "C2 CompilerThread1" daemon [_thread_in_native, id=14268, stack(0x000000001af80000,0x000000001b080000)]
  0x000000001a6c1800 JavaThread "C2 CompilerThread0" daemon [_thread_in_native, id=16592, stack(0x000000001ae80000,0x000000001af80000)]
  0x000000001a6bb000 JavaThread "Attach Listener" daemon [_thread_blocked, id=17928, stack(0x000000001ad80000,0x000000001ae80000)]
  0x000000001a6a6800 JavaThread "Signal Dispatcher" daemon [_thread_blocked, id=2464, stack(0x000000001ac80000,0x000000001ad80000)]
  0x0000000004abd800 JavaThread "Finalizer" daemon [_thread_blocked, id=19684, stack(0x000000001ab80000,0x000000001ac80000)]
  0x0000000004ab4000 JavaThread "Reference Handler" daemon [_thread_blocked, id=19660, stack(0x000000001aa80000,0x000000001ab80000)]
  0x00000000048bd800 JavaThread "main" [_thread_blocked, id=8232, stack(0x00000000048c0000,0x00000000049c0000)]

Other Threads:
  0x0000000018879000 VMThread [stack: 0x000000001a580000,0x000000001a680000] [id=20428]
  0x000000001a79a800 WatcherThread [stack: 0x000000001b380000,0x000000001b480000] [id=18708]

VM state:not at safepoint (normal execution)

VM Mutex/Monitor currently owned by a thread: None

heap address: 0x00000000a0000000, size: 1536 MB, Compressed Oops mode: 32-bit
Narrow klass base: 0x0000000000000000, Narrow klass shift: 3
Compressed class space size: 1073741824 Address: 0x0000000100000000

Heap:
 PSYoungGen      total 188928K, used 27715K [0x00000000e0000000, 0x00000000ed700000, 0x0000000100000000)
  eden space 165888K, 7% used [0x00000000e0000000,0x00000000e0b94608,0x00000000ea200000)
  from space 23040K, 68% used [0x00000000eb880000,0x00000000ec7fc7d0,0x00000000ecf00000)
  to   space 23040K, 0% used [0x00000000ea200000,0x00000000ea200000,0x00000000eb880000)
 ParOldGen       total 180224K, used 45625K [0x00000000a0000000, 0x00000000ab000000, 0x00000000e0000000)
  object space 180224K, 25% used [0x00000000a0000000,0x00000000a2c8e478,0x00000000ab000000)
 Metaspace       used 70858K, capacity 73262K, committed 73560K, reserved 1112064K
  class space    used 9470K, capacity 10015K, committed 10112K, reserved 1048576K

Card table byte_map: [0x0000000013e80000,0x0000000014190000] byte_map_base: 0x0000000013980000

Marking Bits: (ParMarkBitMap*) 0x00000000544b9f30
 Begin Bits: [0x0000000014b90000, 0x0000000016390000)
 End Bits:   [0x0000000016390000, 0x0000000017b90000)

Polling page: 0x00000000026a0000

CodeCache: size=245760Kb used=27297Kb max_used=28209Kb free=218462Kb
 bounds [0x0000000004ac0000, 0x0000000006670000, 0x0000000013ac0000]
 total_blobs=9129 nmethods=8285 adapters=755
 compilation: enabled

Compilation events (10 events):
Event: 14.355 Thread 0x000000001a71b000 9699   !   3       com.google.common.collect.MapMakerInternalMap$Segment::put (298 bytes)
Event: 14.356 Thread 0x000000001a71b000 nmethod 9699 0x000000000615a090 code [0x000000000615a420, 0x000000000615c868]
Event: 14.356 Thread 0x000000001a71b000 9701   !   3       com.google.common.collect.MapMakerInternalMap$Segment::runLockedCleanup (34 bytes)
Event: 14.356 Thread 0x000000001a71b000 nmethod 9701 0x00000000052b8e50 code [0x00000000052b9000, 0x00000000052b9858]
Event: 14.356 Thread 0x000000001a71b000 9700       3       com.google.common.collect.MapMakerInternalMap$Segment::preWriteCleanup (5 bytes)
Event: 14.357 Thread 0x000000001a71b000 nmethod 9700 0x0000000004ddf2d0 code [0x0000000004ddf4a0, 0x0000000004ddfdd8]
Event: 14.358 Thread 0x000000001888b000 nmethod 9674 0x0000000005fa9710 code [0x0000000005fa98e0, 0x0000000005fa9f10]
Event: 14.358 Thread 0x000000001888b000 9672       4       org.gradle.internal.work.DefaultWorkerLeaseService$DefaultWorkerLease::acquireLock (101 bytes)
Event: 14.361 Thread 0x000000001888b000 nmethod 9672 0x0000000004bf3ed0 code [0x0000000004bf4040, 0x0000000004bf42b8]
Event: 14.361 Thread 0x000000001888b000 9673       4       org.gradle.internal.work.DefaultWorkerLeaseService$DefaultWorkerLease::grantLease (34 bytes)

GC Heap History (10 events):
Event: 7.548 GC heap before
{Heap before GC invocations=11 (full 2):
 PSYoungGen      total 145408K, used 88637K [0x00000000e0000000, 0x00000000ea500000, 0x0000000100000000)
  eden space 130048K, 56% used [0x00000000e0000000,0x00000000e47971c8,0x00000000e7f00000)
  from space 15360K, 99% used [0x00000000e9000000,0x00000000e9ef8238,0x00000000e9f00000)
  to   space 17408K, 0% used [0x00000000e7f00000,0x00000000e7f00000,0x00000000e9000000)
 ParOldGen       total 180224K, used 20077K [0x00000000a0000000, 0x00000000ab000000, 0x00000000e0000000)
  object space 180224K, 11% used [0x00000000a0000000,0x00000000a139b498,0x00000000ab000000)
 Metaspace       used 57427K, capacity 59078K, committed 59096K, reserved 1099776K
  class space    used 7770K, capacity 8177K, committed 8192K, reserved 1048576K
Event: 7.560 GC heap after
Heap after GC invocations=11 (full 2):
 PSYoungGen      total 147456K, used 17387K [0x00000000e0000000, 0x00000000ec580000, 0x0000000100000000)
  eden space 130048K, 0% used [0x00000000e0000000,0x00000000e0000000,0x00000000e7f00000)
  from space 17408K, 99% used [0x00000000e7f00000,0x00000000e8ffad70,0x00000000e9000000)
  to   space 20480K, 0% used [0x00000000eb180000,0x00000000eb180000,0x00000000ec580000)
 ParOldGen       total 180224K, used 22301K [0x00000000a0000000, 0x00000000ab000000, 0x00000000e0000000)
  object space 180224K, 12% used [0x00000000a0000000,0x00000000a15c7608,0x00000000ab000000)
 Metaspace       used 57427K, capacity 59078K, committed 59096K, reserved 1099776K
  class space    used 7770K, capacity 8177K, committed 8192K, reserved 1048576K
}
Event: 7.560 GC heap before
{Heap before GC invocations=12 (full 3):
 PSYoungGen      total 147456K, used 17387K [0x00000000e0000000, 0x00000000ec580000, 0x0000000100000000)
  eden space 130048K, 0% used [0x00000000e0000000,0x00000000e0000000,0x00000000e7f00000)
  from space 17408K, 99% used [0x00000000e7f00000,0x00000000e8ffad70,0x00000000e9000000)
  to   space 20480K, 0% used [0x00000000eb180000,0x00000000eb180000,0x00000000ec580000)
 ParOldGen       total 180224K, used 22301K [0x00000000a0000000, 0x00000000ab000000, 0x00000000e0000000)
  object space 180224K, 12% used [0x00000000a0000000,0x00000000a15c7608,0x00000000ab000000)
 Metaspace       used 57427K, capacity 59078K, committed 59096K, reserved 1099776K
  class space    used 7770K, capacity 8177K, committed 8192K, reserved 1048576K
Event: 7.737 GC heap after
Heap after GC invocations=12 (full 3):
 PSYoungGen      total 147456K, used 0K [0x00000000e0000000, 0x00000000ec580000, 0x0000000100000000)
  eden space 130048K, 0% used [0x00000000e0000000,0x00000000e0000000,0x00000000e7f00000)
  from space 17408K, 0% used [0x00000000e7f00000,0x00000000e7f00000,0x00000000e9000000)
  to   space 20480K, 0% used [0x00000000eb180000,0x00000000eb180000,0x00000000ec580000)
 ParOldGen       total 180224K, used 35152K [0x00000000a0000000, 0x00000000ab000000, 0x00000000e0000000)
  object space 180224K, 19% used [0x00000000a0000000,0x00000000a2254320,0x00000000ab000000)
 Metaspace       used 57427K, capacity 59078K, committed 59096K, reserved 1099776K
  class space    used 7770K, capacity 8177K, committed 8192K, reserved 1048576K
}
Event: 10.835 GC heap before
{Heap before GC invocations=13 (full 3):
 PSYoungGen      total 147456K, used 130048K [0x00000000e0000000, 0x00000000ec580000, 0x0000000100000000)
  eden space 130048K, 100% used [0x00000000e0000000,0x00000000e7f00000,0x00000000e7f00000)
  from space 17408K, 0% used [0x00000000e7f00000,0x00000000e7f00000,0x00000000e9000000)
  to   space 20480K, 0% used [0x00000000eb180000,0x00000000eb180000,0x00000000ec580000)
 ParOldGen       total 180224K, used 35152K [0x00000000a0000000, 0x00000000ab000000, 0x00000000e0000000)
  object space 180224K, 19% used [0x00000000a0000000,0x00000000a2254320,0x00000000ab000000)
 Metaspace       used 64856K, capacity 66752K, committed 67032K, reserved 1107968K
  class space    used 8715K, capacity 9168K, committed 9216K, reserved 1048576K
Event: 10.846 GC heap after
Heap after GC invocations=13 (full 3):
 PSYoungGen      total 161792K, used 14199K [0x00000000e0000000, 0x00000000ebf80000, 0x0000000100000000)
  eden space 147456K, 0% used [0x00000000e0000000,0x00000000e0000000,0x00000000e9000000)
  from space 14336K, 99% used [0x00000000eb180000,0x00000000ebf5dff0,0x00000000ebf80000)
  to   space 20480K, 0% used [0x00000000e9780000,0x00000000e9780000,0x00000000eab80000)
 ParOldGen       total 180224K, used 35160K [0x00000000a0000000, 0x00000000ab000000, 0x00000000e0000000)
  object space 180224K, 19% used [0x00000000a0000000,0x00000000a2256320,0x00000000ab000000)
 Metaspace       used 64856K, capacity 66752K, committed 67032K, reserved 1107968K
  class space    used 8715K, capacity 9168K, committed 9216K, reserved 1048576K
}
Event: 12.333 GC heap before
{Heap before GC invocations=14 (full 3):
 PSYoungGen      total 161792K, used 161655K [0x00000000e0000000, 0x00000000ebf80000, 0x0000000100000000)
  eden space 147456K, 100% used [0x00000000e0000000,0x00000000e9000000,0x00000000e9000000)
  from space 14336K, 99% used [0x00000000eb180000,0x00000000ebf5dff0,0x00000000ebf80000)
  to   space 20480K, 0% used [0x00000000e9780000,0x00000000e9780000,0x00000000eab80000)
 ParOldGen       total 180224K, used 35160K [0x00000000a0000000, 0x00000000ab000000, 0x00000000e0000000)
  object space 180224K, 19% used [0x00000000a0000000,0x00000000a2256320,0x00000000ab000000)
 Metaspace       used 66664K, capacity 69022K, committed 69208K, reserved 1110016K
  class space    used 8949K, capacity 9497K, committed 9600K, reserved 1048576K
Event: 12.344 GC heap after
Heap after GC invocations=14 (full 3):
 PSYoungGen      total 175616K, used 20465K [0x00000000e0000000, 0x00000000ecf00000, 0x0000000100000000)
  eden space 155136K, 0% used [0x00000000e0000000,0x00000000e0000000,0x00000000e9780000)
  from space 20480K, 99% used [0x00000000e9780000,0x00000000eab7c520,0x00000000eab80000)
  to   space 23040K, 0% used [0x00000000eb880000,0x00000000eb880000,0x00000000ecf00000)
 ParOldGen       total 180224K, used 35996K [0x00000000a0000000, 0x00000000ab000000, 0x00000000e0000000)
  object space 180224K, 19% used [0x00000000a0000000,0x00000000a2327128,0x00000000ab000000)
 Metaspace       used 66664K, capacity 69022K, committed 69208K, reserved 1110016K
  class space    used 8949K, capacity 9497K, committed 9600K, reserved 1048576K
}
Event: 14.151 GC heap before
{Heap before GC invocations=15 (full 3):
 PSYoungGen      total 175616K, used 175601K [0x00000000e0000000, 0x00000000ecf00000, 0x0000000100000000)
  eden space 155136K, 100% used [0x00000000e0000000,0x00000000e9780000,0x00000000e9780000)
  from space 20480K, 99% used [0x00000000e9780000,0x00000000eab7c520,0x00000000eab80000)
  to   space 23040K, 0% used [0x00000000eb880000,0x00000000eb880000,0x00000000ecf00000)
 ParOldGen       total 180224K, used 35996K [0x00000000a0000000, 0x00000000ab000000, 0x00000000e0000000)
  object space 180224K, 19% used [0x00000000a0000000,0x00000000a2327128,0x00000000ab000000)
 Metaspace       used 70778K, capacity 73192K, committed 73304K, reserved 1112064K
  class space    used 9458K, capacity 10014K, committed 10112K, reserved 1048576K
Event: 14.164 GC heap after
Heap after GC invocations=15 (full 3):
 PSYoungGen      total 188928K, used 15857K [0x00000000e0000000, 0x00000000ed700000, 0x0000000100000000)
  eden space 165888K, 0% used [0x00000000e0000000,0x00000000e0000000,0x00000000ea200000)
  from space 23040K, 68% used [0x00000000eb880000,0x00000000ec7fc7d0,0x00000000ecf00000)
  to   space 23040K, 0% used [0x00000000ea200000,0x00000000ea200000,0x00000000eb880000)
 ParOldGen       total 180224K, used 45625K [0x00000000a0000000, 0x00000000ab000000, 0x00000000e0000000)
  object space 180224K, 25% used [0x00000000a0000000,0x00000000a2c8e478,0x00000000ab000000)
 Metaspace       used 70778K, capacity 73192K, committed 73304K, reserved 1112064K
  class space    used 9458K, capacity 10014K, committed 10112K, reserved 1048576K
}

Deoptimization events (10 events):
Event: 14.118 Thread 0x000000001c2c8000 Uncommon trap: reason=bimorphic action=maybe_recompile pc=0x0000000005c5ded0 method=java.io.DataInputStream.readChar()C @ 4
Event: 14.118 Thread 0x000000001c2c8000 Uncommon trap: reason=bimorphic action=maybe_recompile pc=0x0000000005c5ded0 method=java.io.DataInputStream.readChar()C @ 4
Event: 14.118 Thread 0x000000001c2c8000 Uncommon trap: reason=bimorphic action=maybe_recompile pc=0x0000000005c5ded0 method=java.io.DataInputStream.readChar()C @ 4
Event: 14.169 Thread 0x000000002322e000 Uncommon trap: reason=unstable_if action=reinterpret pc=0x0000000005992abc method=java.util.HashMap$HashIterator.<init>(Ljava/util/HashMap;)V @ 45
Event: 14.310 Thread 0x0000000023223800 Uncommon trap: reason=unstable_if action=reinterpret pc=0x00000000061dc22c method=com.google.common.collect.MapMakerInternalMap$Segment.drainKeyReferenceQueue(Ljava/lang/ref/ReferenceQueue;)V @ 8
Event: 14.310 Thread 0x0000000023223800 Uncommon trap: reason=unstable_if action=reinterpret pc=0x00000000061faed4 method=com.google.common.collect.MapMakerInternalMap$Segment.drainKeyReferenceQueue(Ljava/lang/ref/ReferenceQueue;)V @ 8
Event: 14.311 Thread 0x000000002322d800 Uncommon trap: reason=unstable_if action=reinterpret pc=0x00000000061e2d04 method=com.google.common.collect.MapMakerInternalMap$Segment.drainKeyReferenceQueue(Ljava/lang/ref/ReferenceQueue;)V @ 8
Event: 14.349 Thread 0x000000001c2c8000 Uncommon trap: reason=class_check action=maybe_recompile pc=0x00000000056f5140 method=java.lang.Throwable.<init>(Ljava/lang/String;Ljava/lang/Throwable;)V @ 24
Event: 14.350 Thread 0x000000001c2c8000 Uncommon trap: reason=class_check action=maybe_recompile pc=0x00000000056f5140 method=java.lang.Throwable.<init>(Ljava/lang/String;Ljava/lang/Throwable;)V @ 24
Event: 14.350 Thread 0x000000001cd60000 Uncommon trap: reason=class_check action=maybe_recompile pc=0x00000000056f5140 method=java.lang.Throwable.<init>(Ljava/lang/String;Ljava/lang/Throwable;)V @ 24

Classes redefined (0 events):
No events

Internal exceptions (10 events):
Event: 13.749 Thread 0x000000001cd60000 Implicit null exception at 0x0000000004da0197 to 0x0000000004da0581
Event: 13.860 Thread 0x000000001cd60000 Implicit null exception at 0x0000000004cff596 to 0x0000000004cff929
Event: 14.018 Thread 0x000000001cd60000 Implicit null exception at 0x000000000650b03f to 0x000000000650d459
Event: 14.018 Thread 0x000000001cd60000 Implicit null exception at 0x00000000054ea057 to 0x00000000054ea3a9
Event: 14.087 Thread 0x000000001cd60000 Exception <a 'java/lang/NoSuchMethodError': <clinit>> (0x00000000e7667bb0) thrown at [D:\src\AOSP-openjdk-cygwin\jdk8u\hotspot\src\share\vm\prims\jni.cpp, line 1614]
Event: 14.087 Thread 0x000000001cd60000 Exception <a 'java/lang/NoSuchMethodError': <clinit>> (0x00000000e767b3f8) thrown at [D:\src\AOSP-openjdk-cygwin\jdk8u\hotspot\src\share\vm\prims\jni.cpp, line 1614]
Event: 14.089 Thread 0x000000001cd60000 Exception <a 'java/lang/NoSuchMethodError': <clinit>> (0x00000000e769b958) thrown at [D:\src\AOSP-openjdk-cygwin\jdk8u\hotspot\src\share\vm\prims\jni.cpp, line 1614]
Event: 14.089 Thread 0x000000001cd60000 Exception <a 'java/lang/NoSuchMethodError': <clinit>> (0x00000000e76a0c10) thrown at [D:\src\AOSP-openjdk-cygwin\jdk8u\hotspot\src\share\vm\prims\jni.cpp, line 1614]
Event: 14.090 Thread 0x000000001cd60000 Exception <a 'java/lang/NoSuchMethodError': <clinit>> (0x00000000e76b4e60) thrown at [D:\src\AOSP-openjdk-cygwin\jdk8u\hotspot\src\share\vm\prims\jni.cpp, line 1614]
Event: 14.350 Thread 0x000000001c2c8000 Exception <a 'java/io/IOException'> (0x00000000e04d40b8) thrown at [D:\src\AOSP-openjdk-cygwin\jdk8u\hotspot\src\share\vm\prims\jni.cpp, line 710]

Events (10 events):
Event: 14.349 loading class com/android/builder/internal/aapt/v2/Aapt2DaemonImpl$AllowShutdown
Event: 14.349 loading class com/android/builder/internal/aapt/v2/Aapt2DaemonImpl$AllowShutdown done
Event: 14.350 Thread 0x000000001c2c8000 Uncommon trap: trap_request=0xffffffde fr.pc=0x00000000056f5140
Event: 14.350 Thread 0x000000001c2c8000 DEOPT PACKING pc=0x00000000056f5140 sp=0x0000000028e8e060
Event: 14.350 Thread 0x000000001c2c8000 DEOPT UNPACKING pc=0x0000000004b0557b sp=0x0000000028e8e048 mode 2
Event: 14.350 Thread 0x000000001cd60000 Uncommon trap: trap_request=0xffffffde fr.pc=0x00000000056f5140
Event: 14.350 Thread 0x000000001cd60000 DEOPT PACKING pc=0x00000000056f5140 sp=0x000000001e7b9950
Event: 14.351 Thread 0x000000001cd60000 DEOPT UNPACKING pc=0x0000000004b0557b sp=0x000000001e7b9938 mode 2
Event: 14.353 Thread 0x000000001d7bd800 Thread added: 0x000000001d7bd800
Event: 14.353 Thread 0x000000001d7be000 Thread added: 0x000000001d7be000


Dynamic libraries:
0x00007ff636040000 - 0x00007ff636071000 	D:\android studio\jre\bin\java.exe
0x00007ff8cddf0000 - 0x00007ff8cdfd0000 	C:\windows\SYSTEM32\ntdll.dll
0x00007ff8cbca0000 - 0x00007ff8cbd4e000 	C:\windows\System32\KERNEL32.DLL
0x00007ff8ca530000 - 0x00007ff8ca796000 	C:\windows\System32\KERNELBASE.dll
0x00007ff8cdce0000 - 0x00007ff8cdd81000 	C:\windows\System32\ADVAPI32.dll
0x00007ff8cc220000 - 0x00007ff8cc2bd000 	C:\windows\System32\msvcrt.dll
0x00007ff8cdc80000 - 0x00007ff8cdcdb000 	C:\windows\System32\sechost.dll
0x00007ff8cb170000 - 0x00007ff8cb28f000 	C:\windows\System32\RPCRT4.dll
0x00007ff8cd7a0000 - 0x00007ff8cd92f000 	C:\windows\System32\USER32.dll
0x00007ff8ca020000 - 0x00007ff8ca040000 	C:\windows\System32\win32u.dll
0x00007ff8cb7b0000 - 0x00007ff8cb7d8000 	C:\windows\System32\GDI32.dll
0x00007ff8ca120000 - 0x00007ff8ca2b3000 	C:\windows\System32\gdi32full.dll
0x00007ff8c9f80000 - 0x00007ff8ca01b000 	C:\windows\System32\msvcp_win.dll
0x00007ff8ca2c0000 - 0x00007ff8ca3b4000 	C:\windows\System32\ucrtbase.dll
0x00007ff8beb90000 - 0x00007ff8bedf9000 	C:\windows\WinSxS\amd64_microsoft.windows.common-controls_6595b64144ccf1df_6.0.16299.1087_none_0f9074b65a6589b7\COMCTL32.dll
0x00007ff8cbde0000 - 0x00007ff8cc0e6000 	C:\windows\System32\combase.dll
0x00007ff8ca0a0000 - 0x00007ff8ca112000 	C:\windows\System32\bcryptPrimitives.dll
0x00007ff8cdd90000 - 0x00007ff8cddbd000 	C:\windows\System32\IMM32.DLL
0x0000000053ab0000 - 0x0000000053b82000 	D:\android studio\jre\jre\bin\msvcr100.dll
0x0000000053cf0000 - 0x0000000054536000 	D:\android studio\jre\jre\bin\server\jvm.dll
0x00007ff8c9f50000 - 0x00007ff8c9f73000 	C:\windows\System32\WINMM.dll
0x00007ff8c9e90000 - 0x00007ff8c9eba000 	C:\windows\System32\WINMMBASE.dll
0x00007ff8c9f00000 - 0x00007ff8c9f4a000 	C:\windows\System32\cfgmgr32.dll
0x00007ff8cdaf0000 - 0x00007ff8cdaf8000 	C:\windows\System32\PSAPI.DLL
0x00007ff8c57b0000 - 0x00007ff8c57ba000 	C:\windows\SYSTEM32\VERSION.dll
0x00007ff8bd990000 - 0x00007ff8bd999000 	C:\windows\SYSTEM32\WSOCK32.dll
0x00007ff8cb290000 - 0x00007ff8cb2fc000 	C:\windows\System32\ws2_32.DLL
0x00007ff8c6f80000 - 0x00007ff8c6f8f000 	D:\android studio\jre\jre\bin\verify.dll
0x00007ff8c6d00000 - 0x00007ff8c6d29000 	D:\android studio\jre\jre\bin\java.dll
0x00007ff8c6f60000 - 0x00007ff8c6f76000 	D:\android studio\jre\jre\bin\zip.dll
0x00007ff8cc2c0000 - 0x00007ff8cd6f8000 	C:\windows\System32\SHELL32.dll
0x00007ff8cd930000 - 0x00007ff8cd9d6000 	C:\windows\System32\shcore.dll
0x00007ff8ca9c0000 - 0x00007ff8cb107000 	C:\windows\System32\windows.storage.dll
0x00007ff8cb300000 - 0x00007ff8cb351000 	C:\windows\System32\shlwapi.dll
0x00007ff8c9ec0000 - 0x00007ff8c9ed1000 	C:\windows\System32\kernel.appcore.dll
0x00007ff8ca7a0000 - 0x00007ff8ca7ec000 	C:\windows\System32\powrprof.dll
0x00007ff8c9ee0000 - 0x00007ff8c9efb000 	C:\windows\System32\profapi.dll
0x00007ff8c6ce0000 - 0x00007ff8c6cfa000 	D:\android studio\jre\jre\bin\net.dll
0x00007ff8c9670000 - 0x00007ff8c96d6000 	C:\windows\system32\mswsock.dll
0x00007ff8c6cc0000 - 0x00007ff8c6cd1000 	D:\android studio\jre\jre\bin\nio.dll
0x00007ff8c3b60000 - 0x00007ff8c3b86000 	C:\Users\Administrator\.gradle\native\29\windows-amd64\native-platform.dll
0x00007ff8c6cb0000 - 0x00007ff8c6cbd000 	D:\android studio\jre\jre\bin\management.dll
0x00007ff8c9840000 - 0x00007ff8c9857000 	C:\windows\SYSTEM32\CRYPTSP.dll
0x00007ff8c9270000 - 0x00007ff8c92a3000 	C:\windows\system32\rsaenh.dll
0x00007ff8c9940000 - 0x00007ff8c9965000 	C:\windows\SYSTEM32\bcrypt.dll
0x00007ff8c9d70000 - 0x00007ff8c9d99000 	C:\windows\SYSTEM32\USERENV.dll
0x00007ff8c9830000 - 0x00007ff8c983b000 	C:\windows\SYSTEM32\CRYPTBASE.dll
0x00007ff8c9400000 - 0x00007ff8c9439000 	C:\windows\SYSTEM32\IPHLPAPI.DLL
0x00007ff8cc110000 - 0x00007ff8cc118000 	C:\windows\System32\NSI.dll
0x00007ff8c52c0000 - 0x00007ff8c52d6000 	C:\windows\SYSTEM32\dhcpcsvc6.DLL
0x00007ff8c5290000 - 0x00007ff8c52aa000 	C:\windows\SYSTEM32\dhcpcsvc.DLL
0x00007ff8c3b90000 - 0x00007ff8c3bb4000 	D:\android studio\jre\jre\bin\sunec.dll
0x00007ff8c9440000 - 0x00007ff8c94f6000 	C:\windows\SYSTEM32\DNSAPI.dll
0x00007ff8c4a00000 - 0x00007ff8c4a0a000 	C:\Windows\System32\rasadhlp.dll
0x00007ff8c4a20000 - 0x00007ff8c4a90000 	C:\windows\System32\fwpuclnt.dll
0x00007ff8c6c30000 - 0x00007ff8c6c3b000 	D:\android studio\jre\jre\bin\sunmscapi.dll
0x00007ff8ca7f0000 - 0x00007ff8ca9be000 	C:\windows\System32\CRYPT32.dll
0x00007ff8c9e70000 - 0x00007ff8c9e82000 	C:\windows\System32\MSASN1.dll

VM Arguments:
jvm_args: -Xmx1536m -Dfile.encoding=GBK -Duser.country=CN -Duser.language=zh -Duser.variant 
java_command: org.gradle.launcher.daemon.bootstrap.GradleDaemon 5.4.1
java_class_path (initial): C:\Users\Administrator\.gradle\wrapper\dists\gradle-5.4.1-all\3221gyojl5jsh0helicew7rwx\gradle-5.4.1\lib\gradle-launcher-5.4.1.jar
Launcher Type: SUN_STANDARD

Environment Variables:
PATH=C:\Program Files\Java\jdk1.8.0_181\bin;C:\ProgramData\DockerDesktop\version-bin;C:\Program Files\Docker\Docker\Resources\bin;D:\Python\Python37\Scripts\;D:\Python\Python37\;C:\windows\system32;C:\windows;C:\windows\System32\Wbem;C:\windows\System32\WindowsPowerShell\v1.0\;C:\Program Files (x86)\NVIDIA Corporation\PhysX\Common;C:\Program Files\TortoiseSVN\bin;C:\Program Files\NVIDIA Corporation\NVIDIA NvDLISR;D:\home\Redis\;D:\Git\cmd;C:\Users\Administrator\AppData\Local\Microsoft\WindowsApps;;D:\JETBrain\Python_professional\PyCharm 2019.2\bin;;D:\JETBrain\PhpStorm 2019.2\bin;;D:\JETBrain\Python\PyCharm Community Edition 2019.2\bin;
USERNAME=Administrator
OS=Windows_NT
PROCESSOR_IDENTIFIER=Intel64 Family 6 Model 158 Stepping 9, GenuineIntel



---------------  S Y S T E M  ---------------

OS: Windows 10.0 , 64 bit Build 16299 (10.0.16299.1087)

CPU:total 8 (initial active 8) (4 cores per cpu, 2 threads per core) family 6 model 158 stepping 9, cmov, cx8, fxsr, mmx, sse, sse2, sse3, ssse3, sse4.1, sse4.2, popcnt, avx, avx2, aes, clmul, erms, rtm, 3dnowpref, lzcnt, ht, tsc, tscinvbit, bmi1, bmi2, adx

Memory: 4k page, physical 16641964k(1544952k free), swap 25030572k(6088k free)

vm_info: OpenJDK 64-Bit Server VM (25.202-b03) for windows-amd64 JRE (1.8.0_202-release-1483-b03), built by "builder" with MS VC++ 10.0 (VS2010)

time: Sun Oct 20 00:13:18 2019
timezone: 中国标准时间
elapsed time: 14 seconds (0d 0h 0m 14s)

